<?xml version='1.0' encoding='UTF-8'?>
<!--

    Copyright (C) 2000 - 2013 Silverpeas

    This program is free software: you can redistribute it and/or modify
    it under the terms of the GNU Affero General Public License as
    published by the Free Software Foundation, either version 3 of the
    License, or (at your option) any later version.

    As a special exception to the terms and conditions of version 3.0 of
    the GPL, you may redistribute this Program in connection with Free/Libre
    Open Source Software ("FLOSS") applications as described in Silverpeas's
    FLOSS exception.  You should have received a copy of the text describing
    the FLOSS exception, and it is also available here:
    "http://www.silverpeas.org/docs/core/legal/floss_exception.html"

    This program is distributed in the hope that it will be useful,
    but WITHOUT ANY WARRANTY; without even the implied warranty of
    MERCHANTABILITY or FITNESS FOR A PARTICULAR PURPOSE.  See the
    GNU Affero General Public License for more details.

    You should have received a copy of the GNU Affero General Public License
    along with this program.  If not, see <http://www.gnu.org/licenses/>.

-->

<dataset>  
  <st_component id="1" componentname="connecteurJDBC"/>
  <st_component id="2" componentname="outlook"/>
  <st_component id="3" componentname="quickinfo"/>
  <st_component id="4" componentname="kmelia"/>
  <st_component id="5" componentname="newsEdito"/>
  <st_component id="6" componentname="pollingStation"/>
  <st_component id="7" componentname="hyperlink"/>
  <st_component id="8" componentname="almanach"/>
  <st_component id="9" componentname="bookmark"/>
  <st_component id="10" componentname="quizz"/>
  <st_component id="11" componentname="taskm"/>
  <st_component id="12" componentname="websites"/>
  <st_component id="13" componentname="yellowpages"/>
  <st_component id="14" componentname="survey"/>
  <st_component id="15" componentname="forums"/>
  <st_component id="16" componentname="toolbox"/>
  <st_component id="17" componentname="kmax"/>
  <st_component id="18" componentname="formManager"/>
  <st_component id="19" componentname="infoLetter"/>
  <st_user id="0" domainid="0" specificid="0" firstname="" lastname="Administrateur" email="ehu@silverpeas.com" login="SilverAdmin" loginmail="" accesslevel="A" state='VALID' stateSaveDate='2012-01-01 00:00:00 0'/>
  <st_user id="1" domainid="0" specificid="1" firstname="Bart" lastname="Simpson" email="ehu@silverpeas.com" login="bsimpson" loginmail="" accesslevel="U" loginquestion="" loginanswer="" state='VALID' stateSaveDate='2012-01-01 00:00:00 0'/>
  <st_user id="2" domainid="0" specificid="2" firstname="Homer" lastname="Simpson" email="homer@simpson.com" login="homer@simpson.com" loginmail="" accesslevel="U" loginquestion="" loginanswer="" state='VALID' stateSaveDate='2012-01-01 00:00:00 0'/>
  <st_user id="3" domainid="0" specificid="3" firstname="Marge" lastname="Simpson" email="" login="msimpson" loginmail="" accesslevel="U" loginquestion="" loginanswer="" state='VALID' stateSaveDate='2012-01-01 00:00:00 0'/>
  <st_user id="4" domainid="1" specificid="f6632e21-9990-4393-9d65-4bdfebf7163f" firstname="Lisa" lastname="Simpson" email="lisa@simpson.com" login="lsimpson" loginmail="" accesslevel="U" loginquestion="" loginanswer="" state='VALID' stateSaveDate='2012-01-01 00:00:00 0'/>
  <st_group id="1" domainid="0" specificid="1" name="Admnistrateurs" description="administrateurs de la plateforme" synchrorule=""/>
  <st_group id="2" domainid="0" specificid="2" name="Les Simpsons" description="La famille Simpson" synchrorule=""/>
  <st_group_user_rel groupid="1" userid="0"/>
  <st_group_user_rel groupid="2" userid="1"/>
  <st_group_user_rel groupid="2" userid="2"/>
  <st_group_user_rel groupid="2" userid="3"/>
  <st_space id="1" domainFatherId="[NULL]" spacestatus="[NULL]" name="Espace de test" description="Pour les composants testés" createdby="0" firstpagetype="2" firstpageextraparam="" ordernum="0" createtime="1280759652574" updatetime="1281450309000" updatedby="0" isinheritanceblocked="0" displayspacefirst="1"/>
  <st_space id="2" spacestatus="[NULL]" domainfatherid="1" name="MyTests" description="" createdby="0" firstpagetype="0" firstpageextraparam="" ordernum="0" createtime="1281941919845" isinheritanceblocked="0" displayspacefirst="1"/>
  <st_space id="3" spacestatus="[NULL]" domainfatherid="2" name="Kmelia" description="" createdby="0" firstpagetype="2" firstpageextraparam="" ordernum="0" createtime="1281941936340" updatetime="1286529406290" updatedby="0" isinheritanceblocked="0" displayspacefirst="1"/>
  <st_space id="4" spacestatus="[NULL]" domainfatherid="2" name="Moving Space" description="C&apos;est un espace qui peut bouger ôhé ôhé" createdby="0" firstpagetype="0" firstpageextraparam="" ordernum="1" createtime="1284539615504" isinheritanceblocked="0" displayspacefirst="1"/>
  <st_space id="5" spacestatus="[NULL]" domainfatherid="1" name="Workflows" description="" createdby="0" firstpagetype="0" firstpageextraparam="" ordernum="1" createtime="1284622040603" isinheritanceblocked="0" displayspacefirst="1"/>
  <st_componentinstance id="1" spaceid="1" name="Theme Tracker" componentname="kmelia" description="" createdby="0" ordernum="0" createtime="1280759731408" updatetime="1284022690018" updatedby="0" ispublic="0" ishidden="0" isinheritanceblocked="0"/>
  <st_componentinstance id="4" spaceid="1" name="Gallery" componentname="gallery" description="" createdby="0" ordernum="1" createtime="1280911118332" updatetime="1280911127666" updatedby="0" ispublic="0" ishidden="0" isinheritanceblocked="0"/>
  <st_componentinstance id="5" spaceid="1" name="PDC" componentname="kmelia" description="" createdby="0" ordernum="2" createtime="1280912685219" updatetime="1288084905798" updatedby="0" ispublic="0" ishidden="0" isinheritanceblocked="0"/>
  <st_componentinstance id="6" spaceid="1" name="Versionning" componentname="kmelia" description="" createdby="0" ordernum="3" createtime="1280998008702" updatetime="1288881008702" updatedby="0" ispublic="0" ishidden="0" isinheritanceblocked="0"/>
  <st_componentinstance id="7" spaceid="1" name="Super Forum" componentname="forums" description="" createdby="0" ordernum="4" createtime="1280998914026" updatetime="1281081965259" updatedby="0" ispublic="0" ishidden="0" isinheritanceblocked="0"/>
  <st_componentinstance id="8" spaceid="1" name="Mailing List" componentname="mailinglist" description="" createdby="0" ordernum="5" createtime="1281617307137" updatetime="1283519005017" updatedby="0" ispublic="0" ishidden="0" isinheritanceblocked="0"/>
  <st_componentinstance id="9" spaceid="1" name="VersionsansBrouillon" componentname="kmelia" description="" createdby="0" ordernum="6" createtime="1281620551753" updatetime="1284454794277" updatedby="0" ispublic="0" ishidden="0" isinheritanceblocked="0"/>
  <st_componentinstance id="10" spaceid="3" name="MyBlog" componentname="blog" description="" createdby="0" ordernum="0" createtime="1281941995208" updatetime="1284485943063" updatedby="0" ispublic="0" ishidden="0" isinheritanceblocked="0"/>
  <st_componentinstance id="11" spaceid="3" name="KmeliaBrouillon" componentname="kmelia" description="" createdby="0" ordernum="1" createtime="1284040588709" updatetime="1289297705846" updatedby="1" ispublic="0" ishidden="0" isinheritanceblocked="0"/>
  <st_componentinstance id="12" spaceid="2" name="FAQ" componentname="questionReply" description="Foire Aux Questions" createdby="0" ordernum="0" createtime="1284493102266" updatetime="1284493140840" updatedby="0" ispublic="0" ishidden="0" isinheritanceblocked="0"/>
  <st_componentinstance id="13" spaceid="4" name="Classifieds" componentname="classifieds" description="" createdby="0" ordernum="0" createtime="1284539521344" updatetime="1284539543929" updatedby="0" ispublic="0" ishidden="0" isinheritanceblocked="0"/>
  <st_componentinstance id="18" spaceid="5" name="Demande de congés OEVO" componentname="demandeConges" description="" createdby="0" ordernum="0" createtime="1284627150424" updatetime="1284641933599" updatedby="0" ispublic="0" ishidden="0" isinheritanceblocked="0"/>
  <st_componentinstance id="19" spaceid="2" name="Yellow pages" componentname="yellowpages" description="" createdby="0" ordernum="1" createtime="1284629493533" updatetime="1284629504115" updatedby="0" ispublic="0" ishidden="0" isinheritanceblocked="0"/>
  <st_componentinstance id="21" spaceid="1" name="Oevo" componentname="blog" description="" createdby="0" ordernum="7" createtime="1285769967369" ispublic="0" ishidden="0" isinheritanceblocked="0"/>
  <st_componentinstance id="23" spaceid="1" name="Google" componentname="hyperlink" description="" createdby="0" ordernum="8" createtime="1285774292322" ispublic="0" ishidden="0" isinheritanceblocked="0"/>
  <st_componentinstance id="24" spaceid="1" name="PagesJaunes" componentname="yellowpages" description="" createdby="0" ordernum="9" createtime="1287064349036" updatetime="1287064461291" updatedby="0" ispublic="0" ishidden="0" isinheritanceblocked="0"/>
  <st_componentinstance id="26" spaceid="1" name="Test" componentname="whitePages" description="" createdby="0" ordernum="10" createtime="1287143530366" updatetime="1287143555836" updatedby="0" ispublic="0" ishidden="0" isinheritanceblocked="0"/>
  <st_componentinstance id="27" spaceid="1" name="FAQ" componentname="questionReply" description="" createdby="0" ordernum="11" createtime="1287496115668" updatetime="1287592046988" updatedby="0" ispublic="0" ishidden="0" isinheritanceblocked="0"/>
  <st_componentinstance id="28" spaceid="4" name="Survey avec PDC" componentname="survey" description="" createdby="0" ordernum="1" createtime="1287738882666" updatetime="1287738905411" updatedby="0" ispublic="0" ishidden="0" isinheritanceblocked="0"/> 
  <st_spaceuserrole id="1" spaceid="1" name="Manager d&apos;espace" rolename="Manager" description="" isinherited="0"/>
  <st_spaceuserrole id="2" spaceid="3" name="" rolename="Manager" description="" isinherited="0"/>
  <st_spaceuserrole id="3" spaceid="3" name="" rolename="admin" description="" isinherited="0"/>
  <st_spaceuserrole_user_rel spaceuserroleid="1" userid="0"/>
  <st_spaceuserrole_user_rel spaceuserroleid="2" userid="0"/>
  <st_spaceuserrole_user_rel spaceuserroleid="2" userid="1"/>
  <st_spaceuserrole_user_rel spaceuserroleid="3" userid="0"/>  
  <st_userrole id="1" instanceid="1" name="Gestionnaires" rolename="admin" description="" isinherited="0"/>
  <st_userrole id="4" instanceid="4" name="Gestionnaire" rolename="admin" description="" isinherited="0"/>
  <st_userrole id="5" instanceid="5" name="Gestionnaires" rolename="admin" description="" isinherited="0"/>
  <st_userrole id="6" instanceid="5" name="Lecteurs" rolename="user" description="" isinherited="0"/>
  <st_userrole id="7" instanceid="6" name="Gestionnaires" rolename="admin" description="" isinherited="0"/>
  <st_userrole id="8" instanceid="7" name="Gestionnaire" rolename="admin" description="" isinherited="0"/>
  <st_userrole id="9" instanceid="7" name="Participant" rolename="user" description="" isinherited="0"/>
  <st_userrole id="10" instanceid="8" name="Gestionnaires" rolename="admin" description="" isinherited="0"/>
  <st_userrole id="11" instanceid="9" name="Gestionnaires" rolename="admin" description="" isinherited="0"/>
  <st_userrole id="12" instanceid="9" name="Publieurs" rolename="publisher" description="" isinherited="0"/>
  <st_userrole id="13" instanceid="1" name="Publieurs" rolename="publisher" description="" isinherited="0"/>
  <st_userrole id="14" instanceid="9" name="Lecteurs" rolename="user" description="" isinherited="0"/>
  <st_userrole id="15" instanceid="9" name="Rédacteurs" rolename="writer" description="" isinherited="0"/>
  <st_userrole id="16" instanceid="11" name="Gestionnaires" rolename="admin" description="" isinherited="0"/>
  <st_userrole id="17" instanceid="11" name="Publieurs" rolename="publisher" description="" isinherited="0"/>
  <st_userrole id="18" instanceid="11" name="Rédacteurs" rolename="writer" description="" isinherited="0"/>
  <st_userrole id="19" instanceid="9" name="" rolename="writer" description="" isinherited="0" objectid="3" objecttype="D"/>
  <st_userrole id="20" instanceid="9" name="" rolename="user" description="" isinherited="0" objectid="3" objecttype="D"/>
  <st_userrole id="21" instanceid="9" name="" rolename="user" description="" isinherited="0" objectid="7" objecttype="D"/>
  <st_userrole id="22" instanceid="9" name="" rolename="writer" description="" isinherited="0" objectid="6" objecttype="D"/>
  <st_userrole id="23" instanceid="9" name="" rolename="writer" description="" isinherited="0" objectid="7" objecttype="D"/>
  <st_userrole id="24" instanceid="10" name="Bloggeur" rolename="admin" description="" isinherited="0"/>
  <st_userrole id="25" instanceid="12" name="Animateur" rolename="admin" description="" isinherited="0"/>
  <st_userrole id="26" instanceid="12" name="Demandeur" rolename="publisher" description="" isinherited="0"/>
  <st_userrole id="27" instanceid="13" name="Gestionnaire" rolename="admin" description="" isinherited="0"/>
  <st_userrole id="28" instanceid="13" name="Annonceur" rolename="publisher" description="" isinherited="0"/>
  <st_userrole id="29" instanceid="19" name="Gestionnaire" rolename="admin" description="" isinherited="0"/>
  <st_userrole id="30" instanceid="18" name="Superviseurs" rolename="supervisor" description="" isinherited="0"/>
  <st_userrole id="31" instanceid="18" name="Responsables Administratif" rolename="Administratif" description="" isinherited="0"/>
  <st_userrole id="32" instanceid="18" name="Responsables" rolename="Responsable" description="" isinherited="0"/>
  <st_userrole id="33" instanceid="18" name="Collaborateurs" rolename="Employe" description="" isinherited="0"/>
  <st_userrole id="34" instanceid="6" name="" rolename="writer" description="" isinherited="0" objectid="4" objecttype="D"/>
  <st_userrole id="35" instanceid="6" name="" rolename="user" description="" isinherited="0" objectid="4" objecttype="D"/>
  <st_userrole id="36" instanceid="10" name="" rolename="admin" description="" isinherited="1"/>
  <st_userrole id="37" instanceid="11" name="" rolename="admin" description="" isinherited="1"/>
  <st_userrole id="38" instanceid="24" name="Gestionnaire" rolename="admin" description="" isinherited="0"/>
  <st_userrole id="39" instanceid="26" name="Gestionnaire" rolename="admin" description="" isinherited="0"/>
  <st_userrole id="40" instanceid="27" name="Animateur" rolename="admin" description="" isinherited="0"/>
  <st_userrole id="41" instanceid="27" name="Lecteur" rolename="user" description="" isinherited="0"/>
  <st_userrole id="42" instanceid="27" name="Demandeur" rolename="publisher" description="" isinherited="0"/>
  <st_userrole id="43" instanceid="28" name="Gestionnaire" rolename="admin" description="" isinherited="0"/>
  <st_userrole id="44" instanceid="28" name="Participants" rolename="user" description="" isinherited="0"/>
  <st_userrole_user_rel userroleid="1" userid="0"/>
  <st_userrole_user_rel userroleid="4" userid="0"/>
  <st_userrole_user_rel userroleid="5" userid="0"/>
  <st_userrole_user_rel userroleid="6" userid="1"/>
  <st_userrole_user_rel userroleid="7" userid="0"/>
  <st_userrole_user_rel userroleid="7" userid="1"/>
  <st_userrole_user_rel userroleid="8" userid="0"/>
  <st_userrole_user_rel userroleid="9" userid="1"/>
  <st_userrole_user_rel userroleid="10" userid="0"/>
  <st_userrole_user_rel userroleid="11" userid="0"/>
  <st_userrole_user_rel userroleid="12" userid="3"/>
  <st_userrole_user_rel userroleid="13" userid="1"/>
  <st_userrole_user_rel userroleid="13" userid="2"/>
  <st_userrole_user_rel userroleid="14" userid="1"/>
  <st_userrole_user_rel userroleid="15" userid="2"/>
  <st_userrole_user_rel userroleid="16" userid="0"/>
  <st_userrole_user_rel userroleid="17" userid="1"/>
  <st_userrole_user_rel userroleid="18" userid="2"/>
  <st_userrole_user_rel userroleid="19" userid="0"/>
  <st_userrole_user_rel userroleid="20" userid="2"/>
  <st_userrole_user_rel userroleid="21" userid="1"/>
  <st_userrole_user_rel userroleid="21" userid="2"/>
  <st_userrole_user_rel userroleid="21" userid="3"/>
  <st_userrole_user_rel userroleid="22" userid="0"/>
  <st_userrole_user_rel userroleid="23" userid="3"/>
  <st_userrole_user_rel userroleid="24" userid="0"/>
  <st_userrole_user_rel userroleid="25" userid="0"/>
  <st_userrole_user_rel userroleid="26" userid="1"/>
  <st_userrole_user_rel userroleid="27" userid="0"/>
  <st_userrole_user_rel userroleid="28" userid="1"/>
  <st_userrole_user_rel userroleid="28" userid="2"/>
  <st_userrole_user_rel userroleid="29" userid="0"/>
  <st_userrole_user_rel userroleid="30" userid="0"/>
  <st_userrole_user_rel userroleid="31" userid="3"/>
  <st_userrole_user_rel userroleid="32" userid="2"/>
  <st_userrole_user_rel userroleid="33" userid="0"/>
  <st_userrole_user_rel userroleid="33" userid="1"/>
  <st_userrole_user_rel userroleid="33" userid="2"/>
  <st_userrole_user_rel userroleid="33" userid="3"/>
  <st_userrole_user_rel userroleid="34" userid="1"/>
  <st_userrole_user_rel userroleid="35" userid="1"/>
  <st_userrole_user_rel userroleid="36" userid="0"/>
  <st_userrole_user_rel userroleid="37" userid="0"/>
  <st_userrole_user_rel userroleid="38" userid="0"/>
  <st_userrole_user_rel userroleid="39" userid="0"/>
  <st_userrole_user_rel userroleid="40" userid="0"/>
  <st_userrole_user_rel userroleid="40" userid="3"/>
  <st_userrole_user_rel userroleid="41" userid="1"/>
  <st_userrole_user_rel userroleid="42" userid="2"/>
  <st_userrole_user_rel userroleid="43" userid="0"/>
  <st_userrole_user_rel userroleid="44" userid="1"/>
  <st_userrole_user_rel userroleid="44" userid="2"/>
  <st_userrole_user_rel userroleid="44" userid="3"/>
  <st_spaceuserrole_group_rel />
</dataset>
