<?xml version="1.0" encoding="UTF-8"?>
<!--

    Copyright (C) 2000 - 2020 Silverpeas

    This program is free software: you can redistribute it and/or modify
    it under the terms of the GNU Affero General Public License as
    published by the Free Software Foundation, either version 3 of the
    License, or (at your option) any later version.

    As a special exception to the terms and conditions of version 3.0 of
    the GPL, you may redistribute this Program in connection with Free/Libre
    Open Source Software ("FLOSS") applications as described in Silverpeas's
    FLOSS exception.  You should have received a copy of the text describing
    the FLOSS exception, and it is also available here:
    "https://www.silverpeas.org/legal/floss_exception.html"

    This program is distributed in the hope that it will be useful,
    but WITHOUT ANY WARRANTY; without even the implied warranty of
    MERCHANTABILITY or FITNESS FOR A PARTICULAR PURPOSE.  See the
    GNU Affero General Public License for more details.

    You should have received a copy of the GNU Affero General Public License
    along with this program.  If not, see <http://www.gnu.org/licenses/>.

-->
<datasources xmlns="http://www.jboss.org/ironjacamar/schema"
             xmlns:xsi="http://www.w3.org/2001/XMLSchema-instance"
             xsi:schemaLocation="http://www.jboss.org/ironjacamar/schema http://docs.jboss.org/ironjacamar/schema/datasources_1_0.xsd">
  <datasource jndi-name="java:/datasources/silverpeas"
              pool-name="silverpeas" enabled="true"
              use-java-context="true">
    <connection-url>jdbc:h2:mem:silverpeas;DB_CLOSE_DELAY=-1;DB_CLOSE_ON_EXIT=FALSE;MVCC=true</connection-url>
    <driver>h2</driver>
    <security>
      <user-name>sa</user-name>
      <password>sa</password>
    </security>
  </datasource>
</datasources>