<?xml version="1.0" encoding="UTF-8"?>
<!--

    Copyright (C) 2000 - 2013 Silverpeas

    This program is free software: you can redistribute it and/or modify
    it under the terms of the GNU Affero General Public License as
    published by the Free Software Foundation, either version 3 of the
    License, or (at your option) any later version.

    As a special exception to the terms and conditions of version 3.0 of
    the GPL, you may redistribute this Program in connection with Free/Libre
    Open Source Software ("FLOSS") applications as described in Silverpeas's
    FLOSS exception.  You should have received a copy of the text describing
    the FLOSS exception, and it is also available here:
    "http://www.silverpeas.org/docs/core/legal/floss_exception.html"

    This program is distributed in the hope that it will be useful,
    but WITHOUT ANY WARRANTY; without even the implied warranty of
    MERCHANTABILITY or FITNESS FOR A PARTICULAR PURPOSE.  See the
    GNU Affero General Public License for more details.

    You should have received a copy of the GNU Affero General Public License
    along with this program.  If not, see <http://www.gnu.org/licenses/>.

-->

<dataset>
  <st_user id="0" domainid="0" specificid="0" lastname="Administrateur" login="SilverAdmin" accesslevel="A" state='VALID' stateSaveDate='2012-01-01 00:00:00 0' />
  <st_space id="1" name="Espace de Tests" description="" createdby="0" firstpagetype="1" firstpageextraparam="indicateurs16"
    ordernum="1" createtime="1194276699849" updatetime="1205750893265" spacestatus="[NULL]" domainfatherid="[NULL]"
    updatedby="0" lang="fr" isinheritanceblocked="0" look="" />
  <st_space id="2" name="Espace de Tests" description="" createdby="0" firstpagetype="1" firstpageextraparam="indicateurs32"
    ordernum="2" createtime="1194276000000" updatetime="1205750000000" spacestatus="[NULL]" domainfatherid="[NULL]"
    updatedby="0" lang="fr" isinheritanceblocked="0" look="" />
  <ST_UserFavoriteSpaces id="0" userid="0" spaceid="1" />
</dataset>