<?xml version='1.0' encoding='UTF-8'?>
<!--

    Copyright (C) 2000 - 2013 Silverpeas

    This program is free software: you can redistribute it and/or modify
    it under the terms of the GNU Affero General Public License as
    published by the Free Software Foundation, either version 3 of the
    License, or (at your option) any later version.

    As a special exception to the terms and conditions of version 3.0 of
    the GPL, you may redistribute this Program in connection with Free/Libre
    Open Source Software ("FLOSS") applications as described in Silverpeas's
    FLOSS exception.  You should have received a copy of the text describing
    the FLOSS exception, and it is also available here:
    "http://www.silverpeas.org/docs/core/legal/floss_exception.html"

    This program is distributed in the hope that it will be useful,
    but WITHOUT ANY WARRANTY; without even the implied warranty of
    MERCHANTABILITY or FITNESS FOR A PARTICULAR PURPOSE.  See the
    GNU Affero General Public License for more details.

    You should have received a copy of the GNU Affero General Public License
    along with this program.  If not, see <http://www.gnu.org/licenses/>.

-->

<dataset>
  <st_user id="0" domainid="0" specificid="0" firstname="" lastname="Administrateur" email="ehu@silverpeas.com" login="SilverAdmin" loginmail="" accesslevel="A" state='VALID' stateSaveDate='2012-01-01 00:00:00 0'/>
  <st_user id="1" domainid="0" specificid="1" firstname="Bart" lastname="Simpson" email="ehu@silverpeas.com" login="bsimpson" loginmail="" accesslevel="U" loginquestion="" loginanswer="" state='VALID' stateSaveDate='2012-01-01 00:00:00 0'/>
  <st_user id="2" domainid="0" specificid="2" firstname="Homer" lastname="Simpson" email="homer@simpson.com" login="homer@simpson.com" loginmail="" accesslevel="U" loginquestion="" loginanswer="" state='VALID' stateSaveDate='2012-01-01 00:00:00 0'/>
  <st_user id="3" domainid="0" specificid="3" firstname="Marge" lastname="Simpson" email="" login="msimpson" loginmail="" accesslevel="U" loginquestion="" loginanswer="" state='VALID' stateSaveDate='2012-01-01 00:00:00 0'/>
  <st_user id="4" domainid="1" specificid="f6632e21-9990-4393-9d65-4bdfebf7163f" firstname="Lisa" lastname="Simpson" email="lisa@simpson.com" login="lsimpson" loginmail="" accesslevel="U" loginquestion="" loginanswer="" state='VALID' stateSaveDate='2012-01-01 00:00:00 0'/>
  <st_space id="1" domainfatherid="[NULL]" spacestatus="[NULL]" name="Espace de test" description="Pour les composants testés" createdby="0" firstpagetype="2" firstpageextraparam="" ordernum="0" createtime="1280759652574" updatetime="1281450309000" updatedby="0" isinheritanceblocked="0" displayspacefirst="1"/>
  <st_space id="2" domainfatherid="1" spacestatus="[NULL]" name="MyTests" description="Space for test" createdby="0" firstpagetype="0" firstpageextraparam="" ordernum="0" createtime="1281941919845" isinheritanceblocked="0" displayspacefirst="1"/>
  <st_space id="3" domainfatherid="2" spacestatus="[NULL]" name="Kmelia" description="" createdby="0" firstpagetype="2" firstpageextraparam="" ordernum="0" createtime="1281941936340" updatetime="1286529406290" updatedby="0" isinheritanceblocked="0" displayspacefirst="1"/>
  <st_space id="4" domainfatherid="2" spacestatus="[NULL]" name="Moving Space" description="C&apos;est un espace qui peut bouger ôhé ôhé" createdby="0" firstpagetype="0" firstpageextraparam="" ordernum="1" createtime="1284539615504" isinheritanceblocked="0" displayspacefirst="1"/>
  <st_space id="5" domainfatherid="1" spacestatus="[NULL]" name="Workflows" description="" createdby="0" firstpagetype="0" firstpageextraparam="" ordernum="1" createtime="1284622040603" isinheritanceblocked="0" displayspacefirst="1"/>
</dataset>
