<?xml version="1.0" encoding="UTF-8"?>
<!--

    Copyright (C) 2000 - 2024 Silverpeas

    This program is free software: you can redistribute it and/or modify
    it under the terms of the GNU Affero General Public License as
    published by the Free Software Foundation, either version 3 of the
    License, or (at your option) any later version.

    As a special exception to the terms and conditions of version 3.0 of
    the GPL, you may redistribute this Program in connection with Free/Libre
    Open Source Software ("FLOSS") applications as described in Silverpeas's
    FLOSS exception.  You should have received a copy of the text describing
    the FLOSS exception, and it is also available here:
    "https://www.silverpeas.org/legal/floss_exception.html"

    This program is distributed in the hope that it will be useful,
    but WITHOUT ANY WARRANTY; without even the implied warranty of
    MERCHANTABILITY or FITNESS FOR A PARTICULAR PURPOSE.  See the
    GNU Affero General Public License for more details.

    You should have received a copy of the GNU Affero General Public License
    along with this program.  If not, see <https://www.gnu.org/licenses/>.

-->
<messaging-deployment xmlns="urn:jboss:messaging-activemq-deployment:1.0">
  <server name="default">
    <jms-destinations>
      <!-- JMS destinations used in tests -->
      <jms-queue name="EventNotification">
        <entry name="jms/queue/notification"/>
      </jms-queue>
      <jms-topic name="ResourceEvent">
        <entry name="jms/topic/resource"/>
      </jms-topic>
      <!-- JMS destinations used in Silverpeas
      It is now defined directly in the WIldfly distribution used for integration tests
      We keep it for information

      <jms-queue name="notifications">
        <entry name="jms/queue/notificationsQueue"/>
      </jms-queue>
      <jms-queue name="statistics">
        <entry name="jms/queue/statisticsQueue"/>
      </jms-queue>
      -->
    </jms-destinations>
  </server>
</messaging-deployment>