<?xml version='1.0' encoding='UTF-8'?>
<!--

    Copyright (C) 2000 - 2012 Silverpeas

    This program is free software: you can redistribute it and/or modify
    it under the terms of the GNU Affero General Public License as
    published by the Free Software Foundation, either version 3 of the
    License, or (at your option) any later version.

    As a special exception to the terms and conditions of version 3.0 of
    the GPL, you may redistribute this Program in connection with Free/Libre
    Open Source Software ("FLOSS") applications as described in Silverpeas's
    FLOSS exception.  You should have received a copy of the text describing
    the FLOSS exception, and it is also available here:
    "http://www.silverpeas.org/legal/licensing"

    This program is distributed in the hope that it will be useful,
    but WITHOUT ANY WARRANTY; without even the implied warranty of
    MERCHANTABILITY or FITNESS FOR A PARTICULAR PURPOSE.  See the
    GNU Affero General Public License for more details.

    You should have received a copy of the GNU Affero General Public License
    along with this program.  If not, see <http://www.gnu.org/licenses/>.

-->

<dataset>
  <st_group id="1" domainid="0" specificid="A" supergroupid="[NULL]" name="Simpsons" description="" synchrorule=""/>
  <st_group id="2" domainid="0" specificid="B" supergroupid="1" name="Children" description="" synchrorule=""/>
  <st_group id="3" domainid="0" specificid="C" supergroupid="1" name="Parents" description="" synchrorule=""/>
  
  <st_user id="1" domainid="0" specificid="1" firstname="Bart" lastname="Simpson" email="bart.simpson@silverpeas.org" login="bart.simpson" loginmail="" accesslevel="U" loginquestion="" loginanswer=""/>
  <st_user id="2" domainid="0" specificid="2" firstname="Lisa" lastname="Simpson" email="lisa.simpson@silverpeas.org" login="lisa.simpson" loginmail="" accesslevel="U" loginquestion="" loginanswer=""/>
  <st_user id="3" domainid="0" specificid="3" firstname="Maggie" lastname="Simpson" email="maggie.simpson@silverpeas.org" login="maggie.simpson" loginmail="" accesslevel="U" loginquestion="" loginanswer=""/>
  <st_user id="4" domainid="0" specificid="4" firstname="Homer" lastname="Simpson" email="homer.simpson@silverpeas.org" login="homer.simpson" loginmail="" accesslevel="U" loginquestion="" loginanswer=""/>
  <st_user id="5" domainid="0" specificid="5" firstname="Marge" lastname="Simpson" email="marge.simpson@silverpeas.org" login="marge.simpson" loginmail="" accesslevel="U" loginquestion="" loginanswer=""/>
  
  <st_group_user_rel groupid="1" userid="1"/>
  <st_group_user_rel groupid="2" userid="1"/>
  <st_group_user_rel groupid="2" userid="2"/>
  <st_group_user_rel groupid="2" userid="3"/>
  <st_group_user_rel groupid="3" userid="4"/>
  <st_group_user_rel groupid="3" userid="5"/>

  <sb_stat_accesscumul datestat="2010-11-01" userid="5" countaccess="12" peastype="kmelia" spaceid="WA18" componentid="kmelia26"/>
  
  <sb_stat_accesscumul datestat="2011-01-01" userid="1" countaccess="34" peastype="kmelia" spaceid="WA18" componentid="kmelia26"/>
  <sb_stat_accesscumul datestat="2011-01-01" userid="2" countaccess="5" peastype="kmelia" spaceid="WA18" componentid="kmelia26"/>
  <sb_stat_accesscumul datestat="2011-01-01" userid="3" countaccess="71" peastype="kmelia" spaceid="WA18" componentid="kmelia26"/>
  <sb_stat_accesscumul datestat="2011-01-01" userid="4" countaccess="97" peastype="kmelia" spaceid="WA18" componentid="kmelia26"/>
  <sb_stat_accesscumul datestat="2011-01-01" userid="5" countaccess="16" peastype="kmelia" spaceid="WA18" componentid="kmelia26"/>
  
  <sb_stat_accesscumul datestat="2011-02-01" userid="1" countaccess="10" peastype="kmelia" spaceid="WA18" componentid="kmelia26"/>
  <sb_stat_accesscumul datestat="2011-02-01" userid="2" countaccess="8" peastype="kmelia" spaceid="WA18" componentid="kmelia26"/>
  <sb_stat_accesscumul datestat="2011-02-01" userid="3" countaccess="49" peastype="kmelia" spaceid="WA18" componentid="kmelia26"/>
  <sb_stat_accesscumul datestat="2011-02-01" userid="4" countaccess="57" peastype="kmelia" spaceid="WA18" componentid="kmelia26"/>
  <sb_stat_accesscumul datestat="2011-02-01" userid="5" countaccess="5" peastype="kmelia" spaceid="WA18" componentid="kmelia26"/>
  
  <sb_stat_accesscumul datestat="2011-03-01" userid="1" countaccess="44" peastype="kmelia" spaceid="WA18" componentid="kmelia26"/>
  <sb_stat_accesscumul datestat="2011-03-01" userid="2" countaccess="64" peastype="kmelia" spaceid="WA18" componentid="kmelia26"/>
  <sb_stat_accesscumul datestat="2011-03-01" userid="3" countaccess="41" peastype="kmelia" spaceid="WA18" componentid="kmelia26"/>
  <sb_stat_accesscumul datestat="2011-03-01" userid="4" countaccess="139" peastype="kmelia" spaceid="WA18" componentid="kmelia26"/>
  <sb_stat_accesscumul datestat="2011-03-01" userid="5" countaccess="1" peastype="kmelia" spaceid="WA18" componentid="kmelia26"/>
  
  <sb_stat_accesscumul datestat="2011-04-01" userid="1" countaccess="3" peastype="kmelia" spaceid="WA18" componentid="kmelia26"/>
  <sb_stat_accesscumul datestat="2011-04-01" userid="2" countaccess="2" peastype="kmelia" spaceid="WA18" componentid="kmelia26"/>
  <sb_stat_accesscumul datestat="2011-04-01" userid="3" countaccess="53" peastype="kmelia" spaceid="WA18" componentid="kmelia26"/>
  <sb_stat_accesscumul datestat="2011-04-01" userid="4" countaccess="48" peastype="kmelia" spaceid="WA18" componentid="kmelia26"/>
  <sb_stat_accesscumul datestat="2011-04-01" userid="5" countaccess="288" peastype="kmelia" spaceid="WA18" componentid="kmelia26"/>
  
  <sb_stat_accesscumul datestat="2011-05-01" userid="1" countaccess="1" peastype="kmelia" spaceid="WA18" componentid="kmelia26"/>
  <sb_stat_accesscumul datestat="2011-05-01" userid="2" countaccess="51" peastype="kmelia" spaceid="WA18" componentid="kmelia26"/>
  <sb_stat_accesscumul datestat="2011-05-01" userid="3" countaccess="12" peastype="kmelia" spaceid="WA18" componentid="kmelia26"/>
  <sb_stat_accesscumul datestat="2011-05-01" userid="4" countaccess="16" peastype="kmelia" spaceid="WA18" componentid="kmelia26"/>
  <sb_stat_accesscumul datestat="2011-05-01" userid="5" countaccess="35" peastype="kmelia" spaceid="WA18" componentid="kmelia26"/>

  <sb_stat_accesscumul datestat="2011-06-01" userid="1" countaccess="13" peastype="kmelia" spaceid="WA18" componentid="kmelia26"/>
  <sb_stat_accesscumul datestat="2011-06-01" userid="2" countaccess="17" peastype="kmelia" spaceid="WA18" componentid="kmelia26"/>
  <sb_stat_accesscumul datestat="2011-06-01" userid="3" countaccess="67" peastype="kmelia" spaceid="WA18" componentid="kmelia26"/>
  <sb_stat_accesscumul datestat="2011-06-01" userid="4" countaccess="14" peastype="kmelia" spaceid="WA18" componentid="kmelia26"/>
  <sb_stat_accesscumul datestat="2011-06-01" userid="5" countaccess="4" peastype="kmelia" spaceid="WA18" componentid="kmelia26"/>

  <sb_stat_accesscumul datestat="2011-01-01" userid="1" countaccess="5" peastype="kmelia" spaceid="WA18" componentid="kmelia38"/>
  <sb_stat_accesscumul datestat="2011-01-01" userid="1" countaccess="71" peastype="kmelia" spaceid="WA19" componentid="kmelia40"/>

  <sb_stat_accesscumul datestat="2011-02-01" userid="1" countaccess="8" peastype="kmelia" spaceid="WA18" componentid="kmelia38"/>
  <sb_stat_accesscumul datestat="2011-02-01" userid="1" countaccess="49" peastype="kmelia" spaceid="WA19" componentid="kmelia40"/>

  <sb_stat_accesscumul datestat="2011-03-01" userid="1" countaccess="64" peastype="kmelia" spaceid="WA18" componentid="kmelia38"/>
  <sb_stat_accesscumul datestat="2011-03-01" userid="1" countaccess="41" peastype="kmelia" spaceid="WA19" componentid="kmelia40"/>

  <sb_stat_accesscumul datestat="2011-04-01" userid="1" countaccess="2" peastype="kmelia" spaceid="WA18" componentid="kmelia38"/>
  <sb_stat_accesscumul datestat="2011-04-01" userid="1" countaccess="53" peastype="kmelia" spaceid="WA19" componentid="kmelia40"/>

  <sb_stat_accesscumul datestat="2011-05-01" userid="1" countaccess="51" peastype="kmelia" spaceid="WA18" componentid="kmelia38"/>
  <sb_stat_accesscumul datestat="2011-05-01" userid="1" countaccess="12" peastype="kmelia" spaceid="WA19" componentid="kmelia40"/>

  <sb_stat_accesscumul datestat="2011-06-01" userid="1" countaccess="17" peastype="kmelia" spaceid="WA18" componentid="kmelia38"/>
  <sb_stat_accesscumul datestat="2011-06-01" userid="1" countaccess="67" peastype="kmelia" spaceid="WA19" componentid="kmelia40"/>

</dataset>
