<?xml version="1.0" encoding="UTF-8"?>
<!--

    Copyright (C) 2000 - 2012 Silverpeas

    This program is free software: you can redistribute it and/or modify
    it under the terms of the GNU Affero General Public License as
    published by the Free Software Foundation, either version 3 of the
    License, or (at your option) any later version.

    As a special exception to the terms and conditions of version 3.0 of
    the GPL, you may redistribute this Program in connection with Free/Libre
    Open Source Software ("FLOSS") applications as described in Silverpeas's
    FLOSS exception.  You should have received a copy of the text describing
    the FLOSS exception, and it is also available here:
    "http://www.silverpeas.org/legal/licensing"

    This program is distributed in the hope that it will be useful,
    but WITHOUT ANY WARRANTY; without even the implied warranty of
    MERCHANTABILITY or FITNESS FOR A PARTICULAR PURPOSE.  See the
    GNU Affero General Public License for more details.

    You should have received a copy of the GNU Affero General Public License
    along with this program.  If not, see <http://www.gnu.org/licenses/>.

-->

<dataset>
  <sb_attachment_attachment attachmentid="5" attachmentphysicalname="1209989258187.odp" attachmentlogicalname="FrenchScrum.odp"
    attachmentdescription="" attachmenttype="application/vnd.oasis.opendocument.presentation" attachmentsize="966237"
    attachmentcontext="Images" attachmentforeignkey="1" instanceid="kmelia57" attachmentcreationdate="2008/05/05"
    attachmentauthor="7" attachmenttitle="Test" attachmentinfo=" c est un test " attachmentordernum="0" workerid="7"
    cloneid="" lang="" />
  <sb_attachment_attachmenti18n />
</dataset>