<?xml version="1.0" encoding="UTF-8"?>
<!--

    Copyright (C) 2000 - 2011 Silverpeas

    This program is free software: you can redistribute it and/or modify
    it under the terms of the GNU Affero General Public License as
    published by the Free Software Foundation, either version 3 of the
    License, or (at your option) any later version.

    As a special exception to the terms and conditions of version 3.0 of
    the GPL, you may redistribute this Program in connection with Free/Libre
    Open Source Software ("FLOSS") applications as described in Silverpeas's
    FLOSS exception.  You should have received a copy of the text describing
    the FLOSS exception, and it is also available here:
    "http://repository.silverpeas.com/legal/licensing"

    This program is distributed in the hope that it will be useful,
    but WITHOUT ANY WARRANTY; without even the implied warranty of
    MERCHANTABILITY or FITNESS FOR A PARTICULAR PURPOSE.  See the
    GNU Affero General Public License for more details.

    You should have received a copy of the GNU Affero General Public License
    along with this program.  If not, see <http://www.gnu.org/licenses/>.

-->

<dataset>
  <st_domain id="0" name="Silverpeas" propfilename="com.stratelia.silverpeas.domains.domainSP" 
  classname="com.silverpeas.domains.silverpeasdriver.SilverpeasDomainDriver" authenticationserver="autDomainSP" />
  <st_user id="1" domainid="0" specificid="1" lastname="Administrateur" login="SilverAdmin" accesslevel="A" />
  <domainsp_user id="1" lastname="Administrateur" login="SilverAdmin" />
  <st_group id="1" domainid="0" specificid="1" name="Groupe 1"/>	
  <domainsp_group id="1" name="Groupe 1"/>
  <uniqueid maxid="1" tablename="domainsp_group"/>
  <uniqueid maxid="1" tablename="st_group"/>
  <uniqueid maxid="1" tablename="domainsp_user"/>
  <uniqueid maxid="1" tablename="st_user"/>
</dataset>