<?xml version="1.0" encoding="UTF-8"?>
<!--

    Copyright (C) 2000 - 2012 Silverpeas

    This program is free software: you can redistribute it and/or modify
    it under the terms of the GNU Affero General Public License as
    published by the Free Software Foundation, either version 3 of the
    License, or (at your option) any later version.

    As a special exception to the terms and conditions of version 3.0 of
    the GPL, you may redistribute this Program in connection with Free/Libre
    Open Source Software ("FLOSS") applications as described in Silverpeas's
    FLOSS exception.  You should have received a copy of the text describing
    the FLOSS exception, and it is also available here:
    "http://www.silverpeas.org/docs/core/legal/floss_exception.html"

    This program is distributed in the hope that it will be useful,
    but WITHOUT ANY WARRANTY; without even the implied warranty of
    MERCHANTABILITY or FITNESS FOR A PARTICULAR PURPOSE.  See the
    GNU Affero General Public License for more details.

    You should have received a copy of the GNU Affero General Public License
    along with this program.  If not, see <http://www.gnu.org/licenses/>.

-->

<dataset>
  <st_domain id="0" name="Silverpeas" propfilename="com.stratelia.silverpeas.domains.domainSP" 
  classname="com.silverpeas.domains.silverpeasdriver.SilverpeasDomainDriver" authenticationserver="autDomainSP" />

  <st_user id="1" domainid="0" specificid="1" lastname="Administrateur" login="SilverAdmin" accesslevel="A" />
  <st_user id="2" domainid="0" specificid="2" lastname="SimpleUser" login="SimpleUser" accesslevel="U" />

  <domainsp_user id="1" lastname="Administrateur" login="SilverAdmin"/>
  <domainsp_user id="2" lastname="SimpleUser" login="SimpleUser"/>

  <st_group id="1" domainid="0" specificid="1" name="Groupe 1"/>
  <domainsp_group id="1" name="Groupe 1"/>
	
  <st_group_user_rel groupId="1" userId="1"/>
	
  <st_space id="1" domainfatherid="[NULL]" name="Space 1" firstpagetype="0"/>
  <st_space id="2" domainfatherid="1" name="Space 1-1" firstpagetype="0" />
  <st_space id="3" domainfatherid="2" name="Space 1-1-1" firstpagetype="0" />
  <st_space id="4" domainfatherid="1" name="Space 1-2" firstpagetype="0" />
	
  <st_componentinstance id="1" spaceid="1" name="GED" componentname="kmelia"/>
  <st_componentinstance id="2" spaceid="2" name="Dates clés" componentname="almanach"/>
	
	
	<!-- Définition des managers d'espaces -->
  <st_spaceuserrole id="1" spaceId="3" roleName="Manager" isInherited="0"/>
  <st_spaceuserrole id="2" spaceId="4" roleName="Manager" isInherited="0"/>
  <st_spaceuserrole id="3" spaceId="1" roleName="Manager" isInherited="0"/>
  <st_spaceuserrole_user_rel spaceUserRoleId="1" userId="2"/>
  <st_spaceuserrole_user_rel spaceUserRoleId="2" userId="1"/>
  <st_spaceuserrole_user_rel spaceUserRoleId="2" userId="2"/>
  <st_spaceuserrole_user_rel spaceUserRoleId="3" userId="2"/>
  <st_spaceuserrole_group_rel spaceUserRoleId="1" groupId="1"/>
  <st_spaceuserrole_group_rel spaceUserRoleId="2" groupId="1"/>
  
  <uniqueid maxid="3" tablename="st_spaceuserrole"/>
  <uniqueid maxid="2" tablename="st_user"/>
  <uniqueid maxid="2" tablename="st_componentinstance"/>
  <uniqueid maxid="2" tablename="domainsp_user"/>
  <uniqueid maxid="1" tablename="st_group"/>
  <uniqueid maxid="1" tablename="domainsp_group"/>
  <uniqueid maxid="4" tablename="st_space"/>
  <st_userrole />
  <st_userrole_user_rel/>
  
  <st_instance_data />  
  <st_notifdefaultaddress />
</dataset>