<?xml version="1.0" encoding="UTF-8"?>
<!--

    Copyright (C) 2000 - 2013 Silverpeas

    This program is free software: you can redistribute it and/or modify
    it under the terms of the GNU Affero General Public License as
    published by the Free Software Foundation, either version 3 of the
    License, or (at your option) any later version.

    As a special exception to the terms and conditions of version 3.0 of
    the GPL, you may redistribute this Program in connection with Free/Libre
    Open Source Software ("FLOSS") applications as described in Silverpeas's
    FLOSS exception.  You should have received a copy of the text describing
    the FLOSS exception, and it is also available here:
    "http://www.silverpeas.org/docs/core/legal/floss_exception.html"

    This program is distributed in the hope that it will be useful,
    but WITHOUT ANY WARRANTY; without even the implied warranty of
    MERCHANTABILITY or FITNESS FOR A PARTICULAR PURPOSE.  See the
    GNU Affero General Public License for more details.

    You should have received a copy of the GNU Affero General Public License
    along with this program.  If not, see <http://www.gnu.org/licenses/>.

-->

<dataset>
  <st_domain id="0" name="Silverpeas" propfilename="com.stratelia.silverpeas.domains.domainSP" 
  classname="com.silverpeas.domains.silverpeasdriver.SilverpeasDomainDriver" authenticationserver="autDomainSP"
  silverpeasServerURL=""/>

  <st_user id="1" domainid="0" specificid="1" lastname="Administrateur" login="SilverAdmin" accesslevel="A" state='VALID' stateSaveDate='2012-01-01 00:00:00 0' />
  <st_user id="2" domainid="0" specificid="2" lastname="SimpleUser" login="SimpleUser" accesslevel="U" state='VALID' stateSaveDate='2012-01-01 00:00:00 0' />
  <st_user id="3" domainid="0" specificid="3" lastname="Hetfield" login="Hetfield" accesslevel="U" state='VALID' stateSaveDate='2012-01-01 00:00:00 0' />
	
  <domainsp_user id="1" lastname="Administrateur" login="SilverAdmin"/>
  <domainsp_user id="2" lastname="SimpleUser" login="SimpleUser"/>
  <domainsp_user id="3" lastname="Hetfield" login="Hetfield"/>
	
  <st_group id="1" domainid="0" specificid="1" name="Groupe 1"/>
	
  <domainsp_group id="1" name="Groupe 1"/>
	
  <st_space id="1" domainfatherid="[NULL]" name="Space 1" lang="fr" firstpagetype="0" isinheritanceblocked="0"/>
  <st_space id="2" domainfatherid="1" name="Space 1-2" firstpagetype="0" isinheritanceblocked="0"/>
  <st_space id="3" domainfatherid="[NULL]" name="Space 2" firstpagetype="0" isinheritanceblocked="0"/>
  
  <st_space id="4" domainfatherid="[NULL]" name="Space 4" firstpagetype="0" isinheritanceblocked="0"/>
  <st_space id="5" domainfatherid="4" name="4.1 (Inheritance blocked)" firstpagetype="0" isinheritanceblocked="1"/>
  <st_space id="6" domainfatherid="4" name="4.2 (Inheritance enabled)" firstpagetype="0" isinheritanceblocked="0"/>
  
  <st_space id="100" domainfatherid="[NULL]" name="Space 100" firstpagetype="0" isinheritanceblocked="0"/>
  <st_space id="110" domainfatherid="100" name="Space 110" firstpagetype="0" isinheritanceblocked="0"/>
  
  <st_spacei18n id="1" spaceid="2" lang="en" name="Space 1-2 in english"/>
  
  <st_componentinstance id="1" spaceid="1" name="GED" componentname="kmelia" isinheritanceblocked="0"/>
  <st_componentinstance id="4" spaceid="1" name="GED (Inheritance blocked)" componentname="kmelia" isinheritanceblocked="1"/>
  <st_componentinstance id="2" spaceid="2" name="Dates clÃ©s" componentname="almanach" isinheritanceblocked="0"/>
  <st_componentinstance id="3" spaceid="3" name="Documents" componentname="kmelia" isinheritanceblocked="0"/>
  
   <st_componentinstance id="200" spaceid="100" name="Documents In root Space" componentname="kmelia" isinheritanceblocked="0"/>
   <st_componentinstance id="210" spaceid="110" name="Documents in sub space" componentname="kmelia" isinheritanceblocked="0"/>
  
  <!-- Administrateur is publisher and user on space 1 -->
  <st_spaceuserrole id="1" spaceid="1" rolename="publisher" isinherited="0"/>
  <st_spaceuserrole id="2" spaceid="1" rolename="reader" isinherited="0"/>
  <st_spaceuserrole_user_rel spaceuserroleid="1" userid="1"/>
  <st_spaceuserrole_user_rel spaceuserroleid="2" userid="1"/>
  
  <!-- SimpleUser is publisher on space 3 and subspace 2 -->
  <st_spaceuserrole id="3" spaceid="3" rolename="publisher" isinherited="0"/>
  <st_spaceuserrole_user_rel spaceuserroleid="3" userid="2"/>
  <st_spaceuserrole id="4" spaceid="2" rolename="publisher" isinherited="0"/>
  <st_spaceuserrole_user_rel spaceuserroleid="4" userid="2"/>
  
  <!-- Inherited profiles from space 1 -->
  <st_spaceuserrole id="5" spaceid="2" rolename="publisher" isinherited="1"/>
  <st_spaceuserrole id="6" spaceid="2" rolename="reader" isinherited="1"/>
  <st_spaceuserrole_user_rel spaceuserroleid="5" userid="1"/>
  <st_spaceuserrole_user_rel spaceuserroleid="6" userid="1"/>
  
  <!--  Application GED inherits rights of its space -->
  <st_userrole id="1" instanceid="1" rolename="publisher" isinherited="1"/>
  <st_userrole id="2" instanceid="1" rolename="user" isinherited="1"/>
  <st_userrole_user_rel userroleid="1" userid="1"/>
  <st_userrole_user_rel userroleid="2" userid="1"/>
  
  <!--  Application Almanach inherits rights of its space -->
  <st_userrole id="3" instanceid="2" rolename="publisher" isinherited="1"/>
  <st_userrole id="4" instanceid="2" rolename="user" isinherited="1"/>
  <st_userrole id="5" instanceid="2" rolename="user" isinherited="0"/>
  <st_userrole_user_rel userroleid="3" userid="1"/>
  <st_userrole_user_rel userroleid="3" userid="2"/>
  <st_userrole_user_rel userroleid="4" userid="1"/>
  <st_userrole_user_rel userroleid="5" userid="3"/>
  
  <!--  Application Documents inherits rights of its space -->
  <st_userrole id="6" instanceid="3" rolename="publisher" isinherited="1"/>
  <st_userrole_user_rel userroleid="6" userid="2"/>
  
  <uniqueid maxid="3" tablename="st_user"/>
  <uniqueid maxid="0" tablename="st_domain"/>
  <uniqueid maxid="3" tablename="domainsp_user"/>
  <uniqueid maxid="1" tablename="st_group"/>
  <uniqueid maxid="1" tablename="domainsp_group"/>
  <uniqueid maxid="6" tablename="st_space"/>
  <uniqueid maxid="4" tablename="st_componentinstance"/>
  <uniqueid maxid="6" tablename="st_spaceuserrole"/>
  <uniqueid maxid="6" tablename="st_userrole"/>
  <uniqueid maxid="1" tablename="st_spacei18n"/>
  
  <st_spaceuserrole_group_rel />
  <st_instance_data />  
  <st_notifdefaultaddress />

</dataset>