<?xml version="1.0" encoding="UTF-8"?>
<!--

    Copyright (C) 2000 - 2012 Silverpeas

    This program is free software: you can redistribute it and/or modify
    it under the terms of the GNU Affero General Public License as
    published by the Free Software Foundation, either version 3 of the
    License, or (at your option) any later version.

    As a special exception to the terms and conditions of version 3.0 of
    the GPL, you may redistribute this Program in connection with Free/Libre
    Open Source Software ("FLOSS") applications as described in Silverpeas's
    FLOSS exception.  You should have received a copy of the text describing
    the FLOSS exception, and it is also available here:
    "http://www.silverpeas.org/legal/licensing"

    This program is distributed in the hope that it will be useful,
    but WITHOUT ANY WARRANTY; without even the implied warranty of
    MERCHANTABILITY or FITNESS FOR A PARTICULAR PURPOSE.  See the
    GNU Affero General Public License for more details.

    You should have received a copy of the GNU Affero General Public License
    along with this program.  If not, see <http://www.gnu.org/licenses/>.

-->

<dataset>
  <sb_version_document documentid="1" documentname="SimpleDocument" documentdescription="simple document" documentstatus="0"
    documentownerid="1" documentcheckoutdate="2008/05/15" documentinfo="" foreignid="4" instanceid="kmelia60"
    typeworklist="0" currentworklistorder="0" />

  <sb_version_document documentid="2" documentname="FreeDocument" documentdescription="free document" documentstatus="0"
    documentownerid="2" documentcheckoutdate="2008/05/15" documentinfo="" foreignid="4" instanceid="kmelia60"
    typeworklist="0" currentworklistorder="0" />


  <sb_version_document documentid="3" documentname="CheckedDocument" documentdescription="locked document" documentstatus="1"
    documentownerid="2" documentcheckoutdate="2008/05/15" documentinfo="" foreignid="4" instanceid="kmelia60"
    typeworklist="0" currentworklistorder="0" />

  <sb_version_document documentid="4" documentname="CheckedDocument" documentdescription="locked document" documentstatus="1"
    documentownerid="2" documentcheckoutdate="2008/05/15" documentinfo="" foreignid="5" instanceid="kmelia60"
    typeworklist="0" currentworklistorder="0" />

</dataset>