<?xml version='1.0' encoding='UTF-8'?>
<!--

    Copyright (C) 2000 - 2013 Silverpeas

    This program is free software: you can redistribute it and/or modify
    it under the terms of the GNU Affero General Public License as
    published by the Free Software Foundation, either version 3 of the
    License, or (at your option) any later version.

    As a special exception to the terms and conditions of version 3.0 of
    the GPL, you may redistribute this Program in connection with Free/Libre
    Open Source Software ("FLOSS") applications as described in Silverpeas's
    FLOSS exception.  You should have received a copy of the text describing
    the FLOSS exception, and it is also available here:
    "http://www.silverpeas.org/docs/core/legal/floss_exception.html"

    This program is distributed in the hope that it will be useful,
    but WITHOUT ANY WARRANTY; without even the implied warranty of
    MERCHANTABILITY or FITNESS FOR A PARTICULAR PURPOSE.  See the
    GNU Affero General Public License for more details.

    You should have received a copy of the GNU Affero General Public License
    along with this program.  If not, see <http://www.gnu.org/licenses/>.

-->

<dataset>
  <st_domain id="-1" name="internal" description="Do not remove - Used by Silverpeas engine" propFileName="-" className="-" authenticationServer="-" />
  <st_domain id="0" name="domainSilverpeas" description="default domain for Silverpeas" propFileName="com.stratelia.silverpeas.domains.domainSP" className="com.silverpeas.domains.silverpeasdriver.SilverpeasDomainDriver" authenticationServer="autDomainSP"  />
  <st_domain id="1" name="SILVERPEAS" description="Zimbra Silverpeas" propFileName="com.stratelia.silverpeas.domains.domainSILVERPEAS" className="com.stratelia.silverpeas.domains.ldapdriver.LDAPDriver" authenticationServer="autDomainSILVERPEAS"  />
  <st_domain id="2" name="Customer" description="Domaine spécifique du client" propFileName="com.stratelia.silverpeas.domains.domainCustomer" className="com.stratelia.silverpeas.domains.ldapdriver.LDAPDriver" authenticationServer="autDomainCustomer"  />
  <st_component id="1" componentname="connecteurJDBC"/>
  <st_component id="2" componentname="outlook"/>
  <st_component id="3" componentname="quickinfo"/>
  <st_component id="4" componentname="kmelia"/>
  <st_component id="5" componentname="newsEdito"/>
  <st_component id="6" componentname="pollingStation"/>
  <st_component id="7" componentname="hyperlink"/>
  <st_component id="8" componentname="almanach"/>
  <st_component id="9" componentname="bookmark"/>
  <st_component id="10" componentname="quizz"/>
  <st_component id="11" componentname="taskm"/>
  <st_component id="12" componentname="websites"/>
  <st_component id="13" componentname="yellowpages"/>
  <st_component id="14" componentname="survey"/>
  <st_component id="15" componentname="forums"/>
  <st_component id="16" componentname="toolbox"/>
  <st_component id="17" componentname="kmax"/>
  <st_component id="18" componentname="formManager"/>
  <st_component id="19" componentname="infoLetter"/>
  <st_user id="0" domainid="0" specificid="0" firstname="" lastname="Administrateur" email="ehu@silverpeas.com" login="SilverAdmin" loginmail="" accesslevel="A" state='VALID' stateSaveDate='2012-01-01 00:00:00 0'/>
  <st_user id="1" domainid="0" specificid="1" firstname="Bart" lastname="Simpson" email="ehu@silverpeas.com" login="bsimpson" loginmail="" accesslevel="U" loginquestion="" loginanswer="" state='VALID' stateSaveDate='2012-01-01 00:00:00 0'/>
  <st_user id="2" domainid="0" specificid="2" firstname="Homer" lastname="Simpson" email="homer@simpson.com" login="homer@simpson.com" loginmail="" accesslevel="U" loginquestion="" loginanswer="" state='VALID' stateSaveDate='2012-01-01 00:00:00 0'/>
  <st_user id="3" domainid="0" specificid="3" firstname="Marge" lastname="Simpson" email="" login="msimpson" loginmail="" accesslevel="U" loginquestion="" loginanswer="" state='VALID' stateSaveDate='2012-01-01 00:00:00 0'/>
  <st_user id="4" domainid="1" specificid="f6632e21-9990-4393-9d65-4bdfebf7163f" firstname="Lisa" lastname="Simpson" email="lisa@simpson.com" login="lsimpson" loginmail="" accesslevel="U" loginquestion="" loginanswer="" state='VALID' stateSaveDate='2012-01-01 00:00:00 0'/>
  <st_group id="1" domainid="0" specificid="1" name="Admnistrateurs" description="administrateurs de la plateforme" synchrorule=""/>
  <st_group id="2" domainid="0" specificid="2" name="Les Simpsons" description="La famille Simpson" synchrorule=""/>
  <st_group_user_rel groupid="1" userid="0"/>
  <st_group_user_rel groupid="2" userid="1"/>
  <st_group_user_rel groupid="2" userid="2"/>
  <st_group_user_rel groupid="2" userid="3"/>
  <st_space id="1" domainFatherId="[NULL]" spacestatus="[NULL]" name="Espace de test" description="Pour les composants testés" createdby="0" firstpagetype="2" firstpageextraparam="" ordernum="0" createtime="1280759652574" updatetime="1281450309000" updatedby="0" isinheritanceblocked="0" displayspacefirst="1"/>
  <st_space id="2" domainFatherId="1" spacestatus="[NULL]" name="MyTests" description="Space for test" createdby="0" firstpagetype="0" firstpageextraparam="" ordernum="0" createtime="1281941919845" isinheritanceblocked="0" displayspacefirst="1"/>
  <st_space id="3" domainFatherId="2" spacestatus="[NULL]" name="Kmelia" description="Pour mettre du kmelia dedans" createdby="0" firstpagetype="2" firstpageextraparam="" ordernum="0" createtime="1281941936340" updatetime="1286529406290" updatedby="0" isinheritanceblocked="0" displayspacefirst="1"/>
  <st_space id="4" domainFatherId="2" spacestatus="[NULL]" name="Moving Space" description="C&apos;est un espace qui peut bouger ôhé ôhé" createdby="0" firstpagetype="0" firstpageextraparam="" ordernum="1" createtime="1284539615504" isinheritanceblocked="0" displayspacefirst="1"/>
  <st_space id="5" domainFatherId="1" spacestatus="[NULL]" name="Workflows" description="Avec des worklows" createdby="0" firstpagetype="0" firstpageextraparam="" ordernum="1" createtime="1284622040603" isinheritanceblocked="0" displayspacefirst="1"/>
  <st_componentinstance id="1" spaceid="1" name="Theme Tracker" componentname="kmelia" description="" createdby="0" ordernum="0" createtime="1280759731408" updatetime="1284022690018" updatedby="0" ispublic="0" ishidden="0" isinheritanceblocked="0"/>
  <st_componentinstance id="4" spaceid="1" name="Gallery" componentname="gallery" description="" createdby="0" ordernum="1" createtime="1280911118332" updatetime="1280911127666" updatedby="0" ispublic="0" ishidden="0" isinheritanceblocked="0"/>
  <st_componentinstance id="5" spaceid="1" name="PDC" componentname="kmelia" description="" createdby="0" ordernum="2" createtime="1280912685219" updatetime="1288084905798" updatedby="0" ispublic="0" ishidden="0" isinheritanceblocked="0"/>
  <st_componentinstance id="6" spaceid="1" name="Versionning" componentname="kmelia" description="" createdby="0" ordernum="3" createtime="1280998008702" updatetime="1288881008702" updatedby="0" ispublic="0" ishidden="0" isinheritanceblocked="0"/>
  <st_componentinstance id="7" spaceid="1" name="Super Forum" componentname="forums" description="" createdby="0" ordernum="4" createtime="1280998914026" updatetime="1281081965259" updatedby="0" ispublic="0" ishidden="0" isinheritanceblocked="0"/>
  <st_componentinstance id="8" spaceid="1" name="Mailing List" componentname="mailinglist" description="" createdby="0" ordernum="5" createtime="1281617307137" updatetime="1283519005017" updatedby="0" ispublic="0" ishidden="0" isinheritanceblocked="0"/>
  <st_componentinstance id="9" spaceid="1" name="VersionsansBrouillon" componentname="kmelia" description="" createdby="0" ordernum="6" createtime="1281620551753" updatetime="1284454794277" updatedby="0" ispublic="0" ishidden="0" isinheritanceblocked="0"/>
  <st_componentinstance id="10" spaceid="3" name="MyBlog" componentname="blog" description="" createdby="0" ordernum="0" createtime="1281941995208" updatetime="1284485943063" updatedby="0" ispublic="0" ishidden="0" isinheritanceblocked="0"/>
  <st_componentinstance id="11" spaceid="3" name="KmeliaBrouillon" componentname="kmelia" description="" createdby="0" ordernum="1" createtime="1284040588709" updatetime="1289297705846" updatedby="1" ispublic="0" ishidden="0" isinheritanceblocked="0"/>
  <st_componentinstance id="12" spaceid="2" name="FAQ" componentname="questionReply" description="Foire Aux Questions" createdby="0" ordernum="0" createtime="1284493102266" updatetime="1284493140840" updatedby="0" ispublic="0" ishidden="0" isinheritanceblocked="0"/>
  <st_componentinstance id="13" spaceid="4" name="Classifieds" componentname="classifieds" description="" createdby="0" ordernum="0" createtime="1284539521344" updatetime="1284539543929" updatedby="0" ispublic="0" ishidden="0" isinheritanceblocked="0"/>
  <st_componentinstance id="18" spaceid="5" name="Demande de congés OEVO" componentname="demandeConges" description="" createdby="0" ordernum="0" createtime="1284627150424" updatetime="1284641933599" updatedby="0" ispublic="0" ishidden="0" isinheritanceblocked="0"/>
  <st_componentinstance id="19" spaceid="2" name="Yellow pages" componentname="yellowpages" description="" createdby="0" ordernum="1" createtime="1284629493533" updatetime="1284629504115" updatedby="0" ispublic="0" ishidden="0" isinheritanceblocked="0"/>
  <st_componentinstance id="21" spaceid="1" name="Oevo" componentname="blog" description="" createdby="0" ordernum="7" createtime="1285769967369" ispublic="0" ishidden="0" isinheritanceblocked="0"/>
  <st_componentinstance id="23" spaceid="1" name="Google" componentname="hyperlink" description="" createdby="0" ordernum="8" createtime="1285774292322" ispublic="0" ishidden="0" isinheritanceblocked="0"/>
  <st_componentinstance id="24" spaceid="1" name="PagesJaunes" componentname="yellowpages" description="" createdby="0" ordernum="9" createtime="1287064349036" updatetime="1287064461291" updatedby="0" ispublic="0" ishidden="0" isinheritanceblocked="0"/>
  <st_componentinstance id="26" spaceid="1" name="Test" componentname="whitePages" description="" createdby="0" ordernum="10" createtime="1287143530366" updatetime="1287143555836" updatedby="0" ispublic="0" ishidden="0" isinheritanceblocked="0"/>
  <st_componentinstance id="27" spaceid="1" name="FAQ" componentname="questionReply" description="" createdby="0" ordernum="11" createtime="1287496115668" updatetime="1287592046988" updatedby="0" ispublic="0" ishidden="0" isinheritanceblocked="0"/>
  <st_componentinstance id="28" spaceid="4" name="Survey avec PDC" componentname="survey" description="" createdby="0" ordernum="1" createtime="1287738882666" updatetime="1287738905411" updatedby="0" ispublic="0" ishidden="0" isinheritanceblocked="0"/>
  <st_instance_data id="1" componentid="1" name="isTree" label="Gestion arborescente" value="yes"/>
  <st_instance_data id="2" componentid="1" name="openSingleAttachment" label="Ouverture directe fichier joint" value="no"/>
  <st_instance_data id="3" componentid="1" name="codification" label="Codification unique" value="no"/>
  <st_instance_data id="4" componentid="1" name="nbPubliPerPage" label="Nb Publi / Page" value=""/>
  <st_instance_data id="5" componentid="1" name="displayNB" label="Affichage nombre de publications" value="yes"/>
  <st_instance_data id="6" componentid="1" name="nbPubliOnRoot" label="Nb dernières publi" value="15"/>
  <st_instance_data id="7" componentid="1" name="publicFiles" label="Fichiers réutilisables" value="no"/>
  <st_instance_data id="8" componentid="1" name="useAuthor" label="Champ Auteur" value="no"/>
  <st_instance_data id="9" componentid="1" name="tabContent" label="Contenu" value="yes"/>
  <st_instance_data id="10" componentid="1" name="tabReadersList" label="Contrôles de Lecture" value="yes"/>
  <st_instance_data id="11" componentid="1" name="searchOnTopics" label="Recherche sur thèmes" value="no"/>
  <st_instance_data id="12" componentid="1" name="exportComponent" label="Exportation du composant" value="no"/>
  <st_instance_data id="13" componentid="1" name="publicationAlwaysVisible" label="Publication toujours visible" value="no"/>
  <st_instance_data id="14" componentid="1" name="nbDayForReservation" label="Gestion des retards" value=""/>
  <st_instance_data id="15" componentid="1" name="tabSeeAlso" label="Voir Aussi" value="yes"/>
  <st_instance_data id="16" componentid="1" name="rightsOnTopics" label="Droits sur les thèmes" value="yes"/>
  <st_instance_data id="17" componentid="1" name="suppressionOnlyForAdmin" label="Suppression restreinte" value="no"/>
  <st_instance_data id="18" componentid="1" name="importFiles" label="Importation de document(s)" value="0"/>
  <st_instance_data id="19" componentid="1" name="massiveDragAndDrop" label="Drag And Drop" value="yes"/>
  <st_instance_data id="20" componentid="1" name="tabAttachments" label="Fichiers Joints" value="yes"/>
  <st_instance_data id="21" componentid="1" name="tabAccessPaths" label="Emplacements Multiples" value="yes"/>
  <st_instance_data id="22" componentid="1" name="webContent" label="Orienté contenu Web" value="no"/>
  <st_instance_data id="23" componentid="1" name="tabComments" label="Commentaires" value="no"/>
  <st_instance_data id="24" componentid="1" name="useFileSharing" label="Fichiers partageables" value="no"/>
  <st_instance_data id="25" componentid="1" name="draft" label="Mode brouillon" value="no"/>
  <st_instance_data id="26" componentid="1" name="versionControl" label="Versioning" value="no"/>
  <st_instance_data id="27" componentid="1" name="axisIdGlossary" label="Lexique" value=""/>
  <st_instance_data id="28" componentid="1" name="usePdc" label="Classification PDC" value="no"/>
  <st_instance_data id="29" componentid="1" name="notifications" label="Notifications" value="yes"/>
  <st_instance_data id="30" componentid="1" name="coWriting" label="Co Rédaction" value="no"/>
  <st_instance_data id="31" componentid="1" name="versionUseFileRights" label="Utilisation des droits sur les fichiers" value="0"/>
  <st_instance_data id="32" componentid="1" name="XmlFormForFiles" label="Formulaire XML pour fichiers" value=""/>
  <st_instance_data id="33" componentid="1" name="privateSearch" label="Exclu de la recherche" value="no"/>
  <st_instance_data id="34" componentid="1" name="attachmentsInPubList" label="Fichiers joints listés" value="no"/>
  <st_instance_data id="35" componentid="1" name="targetValidation" label="Validation de publication" value="0"/>
  <st_instance_data id="36" componentid="1" name="updateChain" label="Modifications enchainées" value="no"/>
  <st_instance_data id="37" componentid="1" name="wysiwygOnTopics" label="Description riche" value="no"/>
  <st_instance_data id="38" componentid="1" name="wizardEnabled" label="Assistant de publication" value="no"/>
  <st_instance_data id="39" componentid="1" name="delegatedTopicManagement" label="Gestion déléguée des thèmes" value="no"/>
  <st_instance_data id="118" componentid="4" name="XMLFormName" label="Formulaire XML" value=""/>
  <st_instance_data id="119" componentid="4" name="basket" label="Panier" value="no"/>
  <st_instance_data id="120" componentid="4" name="dayBeforeEndVisible" label="Nb de jours avant fin de visibilité" value="3"/>
  <st_instance_data id="121" componentid="4" name="download" label="Image originale téléchargeable" value="yes"/>
  <st_instance_data id="122" componentid="4" name="viewInWysiwyg" label="Images réutilisables" value="no"/>
  <st_instance_data id="123" componentid="4" name="viewList" label="Albums sous forme de liste" value="no"/>
  <st_instance_data id="124" componentid="4" name="WatermarkOther" label="Watermark autres" value=""/>
  <st_instance_data id="125" componentid="4" name="usePdc" label="Classification PDC" value="no"/>
  <st_instance_data id="126" componentid="4" name="dragAndDrop" label="Glisser/déposer" value="yes"/>
  <st_instance_data id="127" componentid="4" name="UrlCharte" label="Url de la charte" value=""/>
  <st_instance_data id="128" componentid="4" name="watermark" label="Watermark" value="no"/>
  <st_instance_data id="129" componentid="4" name="comments" label="Commentaires" value="yes"/>
  <st_instance_data id="130" componentid="4" name="privateSearch" label="Moteur de recherche dédié" value="no"/>
  <st_instance_data id="131" componentid="4" name="slideshow" label="Diaporama" value="5"/>
  <st_instance_data id="132" componentid="4" name="WatermarkHD" label="Watermark image originale" value=""/>
  <st_instance_data id="133" componentid="4" name="XMLOrderFormName" label="Formulaire XML associé aux demandes" value=""/>
  <st_instance_data id="134" componentid="4" name="previewSize" label="Format de prévisualisation" value="133x100"/>
  <st_instance_data id="135" componentid="4" name="order" label="Demandes de photos" value="no"/>
  <st_instance_data id="136" componentid="4" name="viewMetadata" label="Méta données" value="no"/>
  <st_instance_data id="137" componentid="5" name="isTree" label="Gestion arborescente" value="yes"/>
  <st_instance_data id="138" componentid="5" name="openSingleAttachment" label="Ouverture directe fichier joint" value="no"/>
  <st_instance_data id="139" componentid="5" name="codification" label="Codification unique" value="no"/>
  <st_instance_data id="140" componentid="5" name="nbPubliPerPage" label="Nb Publi / Page" value=""/>
  <st_instance_data id="141" componentid="5" name="displayNB" label="Affichage nombre de publications" value="no"/>
  <st_instance_data id="142" componentid="5" name="nbPubliOnRoot" label="Nb dernières publi" value="15"/>
  <st_instance_data id="143" componentid="5" name="publicFiles" label="Fichiers réutilisables" value="no"/>
  <st_instance_data id="144" componentid="5" name="useAuthor" label="Champ Auteur" value="no"/>
  <st_instance_data id="145" componentid="5" name="tabContent" label="Contenu" value="yes"/>
  <st_instance_data id="146" componentid="5" name="tabReadersList" label="Contrôles de Lecture" value="yes"/>
  <st_instance_data id="147" componentid="5" name="searchOnTopics" label="Recherche sur thèmes" value="no"/>
  <st_instance_data id="148" componentid="5" name="exportComponent" label="Exportation du composant" value="both"/>
  <st_instance_data id="149" componentid="5" name="publicationAlwaysVisible" label="Publication toujours visible" value="no"/>
  <st_instance_data id="150" componentid="5" name="nbDayForReservation" label="Gestion des retards" value=""/>
  <st_instance_data id="151" componentid="5" name="tabSeeAlso" label="Voir Aussi" value="yes"/>
  <st_instance_data id="152" componentid="5" name="rightsOnTopics" label="Droits sur les thèmes" value="no"/>
  <st_instance_data id="153" componentid="5" name="suppressionOnlyForAdmin" label="Suppression restreinte" value="no"/>
  <st_instance_data id="154" componentid="5" name="importFiles" label="Importation de document(s)" value="0"/>
  <st_instance_data id="155" componentid="5" name="massiveDragAndDrop" label="Drag And Drop" value="yes"/>
  <st_instance_data id="156" componentid="5" name="tabAttachments" label="Fichiers Joints" value="yes"/>
  <st_instance_data id="157" componentid="5" name="tabAccessPaths" label="Emplacements Multiples" value="yes"/>
  <st_instance_data id="158" componentid="5" name="webContent" label="Orienté contenu Web" value="no"/>
  <st_instance_data id="159" componentid="5" name="tabComments" label="Commentaires" value="no"/>
  <st_instance_data id="160" componentid="5" name="useFileSharing" label="Fichiers partageables" value="no"/>
  <st_instance_data id="161" componentid="5" name="draft" label="Mode brouillon" value="no"/>
  <st_instance_data id="162" componentid="5" name="versionControl" label="Versioning" value="no"/>
  <st_instance_data id="163" componentid="5" name="axisIdGlossary" label="Lexique" value=""/>
  <st_instance_data id="164" componentid="5" name="usePdc" label="Classification PDC" value="yes"/>
  <st_instance_data id="165" componentid="5" name="notifications" label="Notifications" value="yes"/>
  <st_instance_data id="166" componentid="5" name="coWriting" label="Co Rédaction" value="no"/>
  <st_instance_data id="167" componentid="5" name="versionUseFileRights" label="Utilisation des droits sur les fichiers" value="0"/>
  <st_instance_data id="168" componentid="5" name="XmlFormForFiles" label="Formulaire XML pour fichiers" value=""/>
  <st_instance_data id="169" componentid="5" name="privateSearch" label="Exclu de la recherche" value="no"/>
  <st_instance_data id="170" componentid="5" name="attachmentsInPubList" label="Fichiers joints listés" value="no"/>
  <st_instance_data id="171" componentid="5" name="targetValidation" label="Validation de publication" value="0"/>
  <st_instance_data id="172" componentid="5" name="updateChain" label="Modifications enchainées" value="no"/>
  <st_instance_data id="173" componentid="5" name="wysiwygOnTopics" label="Description riche" value="no"/>
  <st_instance_data id="174" componentid="5" name="wizardEnabled" label="Assistant de publication" value="no"/>
  <st_instance_data id="175" componentid="5" name="delegatedTopicManagement" label="Gestion déléguée des thèmes" value="no"/>
  <st_instance_data id="176" componentid="6" name="isTree" label="Gestion arborescente" value="yes"/>
  <st_instance_data id="177" componentid="6" name="openSingleAttachment" label="Ouverture directe fichier joint" value="no"/>
  <st_instance_data id="178" componentid="6" name="codification" label="Codification unique" value="no"/>
  <st_instance_data id="179" componentid="6" name="nbPubliPerPage" label="Nb Publi / Page" value=""/>
  <st_instance_data id="180" componentid="6" name="displayNB" label="Affichage nombre de publications" value="no"/>
  <st_instance_data id="181" componentid="6" name="nbPubliOnRoot" label="Nb dernières publi" value="15"/>
  <st_instance_data id="182" componentid="6" name="publicFiles" label="Fichiers réutilisables" value="no"/>
  <st_instance_data id="183" componentid="6" name="useAuthor" label="Champ Auteur" value="no"/>
  <st_instance_data id="184" componentid="6" name="tabContent" label="Contenu" value="yes"/>
  <st_instance_data id="185" componentid="6" name="tabReadersList" label="Contrôles de Lecture" value="yes"/>
  <st_instance_data id="186" componentid="6" name="searchOnTopics" label="Recherche sur thèmes" value="no"/>
  <st_instance_data id="187" componentid="6" name="exportComponent" label="Exportation du composant" value="both"/>
  <st_instance_data id="188" componentid="6" name="publicationAlwaysVisible" label="Publication toujours visible" value="no"/>
  <st_instance_data id="189" componentid="6" name="nbDayForReservation" label="Gestion des retards" value=""/>
  <st_instance_data id="190" componentid="6" name="tabSeeAlso" label="Voir Aussi" value="yes"/>
  <st_instance_data id="191" componentid="6" name="rightsOnTopics" label="Droits sur les thèmes" value="no"/>
  <st_instance_data id="192" componentid="6" name="suppressionOnlyForAdmin" label="Suppression restreinte" value="no"/>
  <st_instance_data id="193" componentid="6" name="importFiles" label="Importation de document(s)" value="3"/>
  <st_instance_data id="194" componentid="6" name="massiveDragAndDrop" label="Drag And Drop" value="no"/>
  <st_instance_data id="195" componentid="6" name="tabAttachments" label="Fichiers Joints" value="yes"/>
  <st_instance_data id="196" componentid="6" name="tabAccessPaths" label="Emplacements Multiples" value="yes"/>
  <st_instance_data id="197" componentid="6" name="webContent" label="Orienté contenu Web" value="no"/>
  <st_instance_data id="198" componentid="6" name="tabComments" label="Commentaires" value="no"/>
  <st_instance_data id="199" componentid="6" name="useFileSharing" label="Fichiers partageables" value="no"/>
  <st_instance_data id="200" componentid="6" name="draft" label="Mode brouillon" value="no"/>
  <st_instance_data id="201" componentid="6" name="versionControl" label="Versioning" value="yes"/>
  <st_instance_data id="202" componentid="6" name="axisIdGlossary" label="Lexique" value=""/>
  <st_instance_data id="203" componentid="6" name="usePdc" label="Classification PDC" value="no"/>
  <st_instance_data id="204" componentid="6" name="notifications" label="Notifications" value="yes"/>
  <st_instance_data id="205" componentid="6" name="coWriting" label="Co Rédaction" value="no"/>
  <st_instance_data id="206" componentid="6" name="versionUseFileRights" label="Utilisation des droits sur les fichiers" value="0"/>
  <st_instance_data id="207" componentid="6" name="XmlFormForFiles" label="Formulaire XML pour fichiers" value=""/>
  <st_instance_data id="208" componentid="6" name="privateSearch" label="Exclu de la recherche" value="no"/>
  <st_instance_data id="209" componentid="6" name="attachmentsInPubList" label="Fichiers joints listés" value="no"/>
  <st_instance_data id="210" componentid="6" name="targetValidation" label="Validation de publication" value="0"/>
  <st_instance_data id="211" componentid="6" name="updateChain" label="Modifications enchainées" value="no"/>
  <st_instance_data id="212" componentid="6" name="wysiwygOnTopics" label="Description riche" value="no"/>
  <st_instance_data id="213" componentid="6" name="wizardEnabled" label="Assistant de publication" value="no"/>
  <st_instance_data id="214" componentid="6" name="delegatedTopicManagement" label="Gestion déléguée des thèmes" value="no"/>
  <st_instance_data id="215" componentid="7" name="isValidationActive" label="Validation" value="no"/>
  <st_instance_data id="216" componentid="7" name="usePdc" label="Classification PDC" value="yes"/>
  <st_instance_data id="217" componentid="7" name="forumInsideForum" label="Arborescence de forums" value="yes"/>
  <st_instance_data id="218" componentid="7" name="rss" label="Flux RSS" value="yes"/>
  <st_instance_data id="219" componentid="8" name="open" label="Liste ouverte" value="yes"/>
  <st_instance_data id="220" componentid="8" name="notify" label="Liste de diffusion" value="yes"/>
  <st_instance_data id="221" componentid="8" name="subscribedAddress" label="Adresse e-mail" value="my.tests@silverpeas.com"/>
  <st_instance_data id="222" componentid="8" name="rss" label="Flux RSS" value="yes"/>
  <st_instance_data id="223" componentid="8" name="moderated" label="Modération" value="yes"/>
  <st_instance_data id="224" componentid="9" name="isTree" label="Gestion arborescente" value="yes"/>
  <st_instance_data id="225" componentid="9" name="openSingleAttachment" label="Ouverture directe fichier joint" value="no"/>
  <st_instance_data id="226" componentid="9" name="codification" label="Codification unique" value="no"/>
  <st_instance_data id="227" componentid="9" name="nbPubliPerPage" label="Nb Publi / Page" value=""/>
  <st_instance_data id="228" componentid="9" name="displayNB" label="Affichage nombre de publications" value="no"/>
  <st_instance_data id="229" componentid="9" name="nbPubliOnRoot" label="Nb dernières publi" value="15"/>
  <st_instance_data id="230" componentid="9" name="publicFiles" label="Fichiers réutilisables" value="no"/>
  <st_instance_data id="231" componentid="9" name="useAuthor" label="Champ Auteur" value="no"/>
  <st_instance_data id="232" componentid="9" name="tabContent" label="Contenu" value="yes"/>
  <st_instance_data id="233" componentid="9" name="tabReadersList" label="Contrôles de Lecture" value="yes"/>
  <st_instance_data id="234" componentid="9" name="searchOnTopics" label="Recherche sur thèmes" value="no"/>
  <st_instance_data id="235" componentid="9" name="exportComponent" label="Exportation du composant" value="no"/>
  <st_instance_data id="236" componentid="9" name="publicationAlwaysVisible" label="Publication toujours visible" value="no"/>
  <st_instance_data id="237" componentid="9" name="nbDayForReservation" label="Gestion des retards" value=""/>
  <st_instance_data id="238" componentid="9" name="tabSeeAlso" label="Voir Aussi" value="yes"/>
  <st_instance_data id="239" componentid="9" name="rightsOnTopics" label="Droits sur les thèmes" value="yes"/>
  <st_instance_data id="240" componentid="9" name="suppressionOnlyForAdmin" label="Suppression restreinte" value="no"/>
  <st_instance_data id="241" componentid="9" name="importFiles" label="Importation de document(s)" value="0"/>
  <st_instance_data id="242" componentid="9" name="massiveDragAndDrop" label="Drag And Drop" value="yes"/>
  <st_instance_data id="243" componentid="9" name="tabAttachments" label="Fichiers Joints" value="yes"/>
  <st_instance_data id="244" componentid="9" name="tabAccessPaths" label="Emplacements Multiples" value="yes"/>
  <st_instance_data id="245" componentid="9" name="webContent" label="Orienté contenu Web" value="no"/>
  <st_instance_data id="246" componentid="9" name="tabComments" label="Commentaires" value="no"/>
  <st_instance_data id="247" componentid="9" name="useFileSharing" label="Fichiers partageables" value="no"/>
  <st_instance_data id="248" componentid="9" name="draft" label="Mode brouillon" value="no"/>
  <st_instance_data id="249" componentid="9" name="versionControl" label="Versioning" value="yes"/>
  <st_instance_data id="250" componentid="9" name="axisIdGlossary" label="Lexique" value=""/>
  <st_instance_data id="251" componentid="9" name="usePdc" label="Classification PDC" value="no"/>
  <st_instance_data id="252" componentid="9" name="notifications" label="Notifications" value="yes"/>
  <st_instance_data id="253" componentid="9" name="coWriting" label="Co Rédaction" value="no"/>
  <st_instance_data id="254" componentid="9" name="versionUseFileRights" label="Utilisation des droits sur les fichiers" value="0"/>
  <st_instance_data id="255" componentid="9" name="XmlFormForFiles" label="Formulaire XML pour fichiers" value=""/>
  <st_instance_data id="256" componentid="9" name="privateSearch" label="Exclu de la recherche" value="no"/>
  <st_instance_data id="257" componentid="9" name="attachmentsInPubList" label="Fichiers joints listés" value="no"/>
  <st_instance_data id="258" componentid="9" name="targetValidation" label="Validation de publication" value="0"/>
  <st_instance_data id="259" componentid="9" name="updateChain" label="Modifications enchainées" value="no"/>
  <st_instance_data id="260" componentid="9" name="wysiwygOnTopics" label="Description riche" value="no"/>
  <st_instance_data id="261" componentid="9" name="wizardEnabled" label="Assistant de publication" value="no"/>
  <st_instance_data id="262" componentid="9" name="delegatedTopicManagement" label="Gestion déléguée des thèmes" value="no"/>
  <st_instance_data id="263" componentid="10" name="usePdc" label="Classification PDC" value="no"/>
  <st_instance_data id="264" componentid="10" name="draftVisible" label="Brouillon visible" value="no"/>
  <st_instance_data id="265" componentid="10" name="rss" label="Flux RSS" value="no"/>
  <st_instance_data id="266" componentid="11" name="isTree" label="Gestion arborescente" value="yes"/>
  <st_instance_data id="267" componentid="11" name="openSingleAttachment" label="Ouverture directe fichier joint" value="no"/>
  <st_instance_data id="268" componentid="11" name="codification" label="Codification unique" value="no"/>
  <st_instance_data id="269" componentid="11" name="nbPubliPerPage" label="Nb Publi / Page" value=""/>
  <st_instance_data id="270" componentid="11" name="displayNB" label="Affichage nombre de publications" value="no"/>
  <st_instance_data id="271" componentid="11" name="nbPubliOnRoot" label="Nb dernières publi" value="15"/>
  <st_instance_data id="272" componentid="11" name="publicFiles" label="Fichiers réutilisables" value="no"/>
  <st_instance_data id="273" componentid="11" name="useAuthor" label="Champ Auteur" value="no"/>
  <st_instance_data id="274" componentid="11" name="tabContent" label="Contenu" value="yes"/>
  <st_instance_data id="275" componentid="11" name="tabReadersList" label="Contrôles de Lecture" value="yes"/>
  <st_instance_data id="276" componentid="11" name="searchOnTopics" label="Recherche sur thèmes" value="yes"/>
  <st_instance_data id="277" componentid="11" name="exportComponent" label="Exportation du composant" value="yes"/>
  <st_instance_data id="278" componentid="11" name="publicationAlwaysVisible" label="Publication toujours visible" value="no"/>
  <st_instance_data id="279" componentid="11" name="nbDayForReservation" label="Gestion des retards" value=""/>
  <st_instance_data id="280" componentid="11" name="tabSeeAlso" label="Voir Aussi" value="yes"/>
  <st_instance_data id="281" componentid="11" name="rightsOnTopics" label="Droits sur les thèmes" value="no"/>
  <st_instance_data id="282" componentid="11" name="suppressionOnlyForAdmin" label="Suppression restreinte" value="no"/>
  <st_instance_data id="283" componentid="11" name="importFiles" label="Importation de document(s)" value="0"/>
  <st_instance_data id="284" componentid="11" name="massiveDragAndDrop" label="Drag And Drop" value="yes"/>
  <st_instance_data id="285" componentid="11" name="tabAttachments" label="Fichiers Joints" value="yes"/>
  <st_instance_data id="286" componentid="11" name="tabAccessPaths" label="Emplacements Multiples" value="yes"/>
  <st_instance_data id="287" componentid="11" name="webContent" label="Orienté contenu Web" value="no"/>
  <st_instance_data id="288" componentid="11" name="tabComments" label="Commentaires" value="yes"/>
  <st_instance_data id="289" componentid="11" name="useFileSharing" label="Fichiers partageables" value="no"/>
  <st_instance_data id="290" componentid="11" name="draft" label="Mode brouillon" value="yes"/>
  <st_instance_data id="291" componentid="11" name="versionControl" label="Versioning" value="no"/>
  <st_instance_data id="292" componentid="11" name="axisIdGlossary" label="Lexique" value=""/>
  <st_instance_data id="293" componentid="11" name="usePdc" label="Classification PDC" value="no"/>
  <st_instance_data id="294" componentid="11" name="notifications" label="Notifications" value="yes"/>
  <st_instance_data id="295" componentid="11" name="coWriting" label="Co Rédaction" value="no"/>
  <st_instance_data id="296" componentid="11" name="versionUseFileRights" label="Utilisation des droits sur les fichiers" value="0"/>
  <st_instance_data id="297" componentid="11" name="XmlFormForFiles" label="Formulaire XML pour fichiers" value=""/>
  <st_instance_data id="298" componentid="11" name="privateSearch" label="Exclu de la recherche" value="no"/>
  <st_instance_data id="299" componentid="11" name="attachmentsInPubList" label="Fichiers joints listés" value="no"/>
  <st_instance_data id="300" componentid="11" name="targetValidation" label="Validation de publication" value="0"/>
  <st_instance_data id="301" componentid="11" name="updateChain" label="Modifications enchainées" value="no"/>
  <st_instance_data id="302" componentid="11" name="wysiwygOnTopics" label="Description riche" value="no"/>
  <st_instance_data id="303" componentid="11" name="wizardEnabled" label="Assistant de publication" value="no"/>
  <st_instance_data id="304" componentid="11" name="delegatedTopicManagement" label="Gestion déléguée des thèmes" value="no"/>
  <st_instance_data id="305" componentid="12" name="privateRepliesUsed" label="Utilisation des réponses privées" value="no"/>
  <st_instance_data id="306" componentid="12" name="sortable" label="Questions triées par ordre" value="yes"/>
  <st_instance_data id="307" componentid="13" name="draft" label="Mode brouillon" value="no"/>
  <st_instance_data id="308" componentid="13" name="validation" label="Validation" value="no"/>
  <st_instance_data id="309" componentid="13" name="XMLFormName" label="Formulaire XML" value="classifieds.xml"/>
  <st_instance_data id="310" componentid="13" name="searchFields2" label="Champs recherche 2" value="type"/>
  <st_instance_data id="311" componentid="13" name="searchFields1" label="Champs recherche 1" value="category"/>
  <st_instance_data id="316" componentid="18" name="XMLFileName" label="Modèle abstrait" value="DemandeConges/DemandeConges.xml"/>
  <st_instance_data id="334" componentid="21" name="usePdc" label="Classification PDC" value="no"/>
  <st_instance_data id="335" componentid="21" name="draftVisible" label="Brouillon visible" value="no"/>
  <st_instance_data id="336" componentid="21" name="rss" label="Flux RSS" value="no"/>
  <st_instance_data id="337" componentid="23" name="method" label="Attribut Method du formulaire" value="POST"/>
  <st_instance_data id="338" componentid="23" name="URL" label="URL" value="http://www.google.com"/>
  <st_instance_data id="339" componentid="23" name="isInternalLink" label="Il s&apos;agit d&apos;un lien interne" value="no"/>
  <st_instance_data id="340" componentid="23" name="valueParam5" label="Valeur paramètre 5" value=""/>
  <st_instance_data id="341" componentid="23" name="valueParam4" label="Valeur paramètre 4" value=""/>
  <st_instance_data id="342" componentid="23" name="nameParam5" label="paramètre sup 5" value=""/>
  <st_instance_data id="343" componentid="23" name="valueParam3" label="Valeur paramètre 3" value=""/>
  <st_instance_data id="344" componentid="23" name="nameParam4" label="paramètre sup 4" value=""/>
  <st_instance_data id="345" componentid="23" name="valueParam2" label="Valeur paramètre 2" value=""/>
  <st_instance_data id="346" componentid="23" name="nameParam3" label="paramètre sup 3" value=""/>
  <st_instance_data id="347" componentid="23" name="valueParam1" label="Valeur paramètre 1" value=""/>
  <st_instance_data id="348" componentid="23" name="nameParam2" label="Paramètre sup 2" value=""/>
  <st_instance_data id="349" componentid="23" name="nameParam1" label="Paramètre sup 1" value=""/>
  <st_instance_data id="350" componentid="23" name="login" label="Login SSO" value=""/>
  <st_instance_data id="351" componentid="23" name="openNewWindow" label="Ouvrir dans une nouvelle fenetre" value="no"/>
  <st_instance_data id="352" componentid="23" name="clientSSO" label="SSO Client" value="no"/>
  <st_instance_data id="353" componentid="23" name="password" label="Mot de passe SSO" value=""/>
  <st_instance_data id="354" componentid="26" name="isFicheVisible" label="Masquage de l&apos;onglet fiche" value="no"/>
  <st_instance_data id="355" componentid="26" name="cardTemplate" label="Modèle de fiche" value="whitePages/annuaire.xml"/>
  <st_instance_data id="356" componentid="26" name="isForcedCardFilling" label="Forcer le remplissage de la fiche" value="no"/>
  <st_instance_data id="357" componentid="26" name="userTemplate" label="Modèle d&apos;identité" value="whitePages/annuaire.html"/>
  <st_instance_data id="358" componentid="26" name="isEmailHidden" label="Masquage de l&apos;email" value="no"/>
  <st_instance_data id="359" componentid="27" name="privateRepliesUsed" label="Utilisation des réponses privées" value="yes"/>
  <st_instance_data id="360" componentid="27" name="sortable" label="Questions triées par ordre" value="yes"/>
  <st_instance_data id="361" componentid="28" name="useAnonymousMode" label="Mode anonyme" value="no"/>
  <st_instance_data id="362" componentid="28" name="usePdc" label="Classification PDC" value="yes"/>
  <st_instance_data id="363" componentid="5" name="thumbnailMandatory" label="Vignette obligatoire" value="no"/>
  <st_instance_data id="364" componentid="6" name="thumbnailHeightSize" label="Hauteur de la vignette" value="100"/>
  <st_instance_data id="365" componentid="6" name="thumbnailMandatory" label="Vignette obligatoire" value="no"/>
  <st_instance_data id="366" componentid="6" name="thumbnailWidthSize" label="Largeur de la vignette" value="100"/>
  <st_instance_data id="367" componentid="11" name="thumbnailHeightSize" label="Hauteur de la vignette" value="100"/>
  <st_instance_data id="368" componentid="11" name="thumbnailMandatory" label="Vignette obligatoire" value="no"/>
  <st_instance_data id="369" componentid="11" name="thumbnailWidthSize" label="Largeur de la vignette" value="100"/>   
  <st_spaceuserrole id="1" spaceid="1" name="Manager d&apos;espace" rolename="Manager" description="" isinherited="0"/>
  <st_spaceuserrole id="2" spaceid="3" name="" rolename="Manager" description="" isinherited="0"/>
  <st_spaceuserrole id="3" spaceid="3" name="" rolename="admin" description="" isinherited="0"/>
  <st_spaceuserrole_user_rel spaceuserroleid="1" userid="0"/>
  <st_spaceuserrole_user_rel spaceuserroleid="2" userid="0"/>
  <st_spaceuserrole_user_rel spaceuserroleid="2" userid="1"/>
  <st_spaceuserrole_user_rel spaceuserroleid="3" userid="0"/>  
  <st_userrole id="1" instanceid="1" name="Gestionnaires" rolename="admin" description="" isinherited="0"/>
  <st_userrole id="4" instanceid="4" name="Gestionnaire" rolename="admin" description="" isinherited="0"/>
  <st_userrole id="5" instanceid="5" name="Gestionnaires" rolename="admin" description="" isinherited="0"/>
  <st_userrole id="6" instanceid="5" name="Lecteurs" rolename="user" description="" isinherited="0"/>
  <st_userrole id="7" instanceid="6" name="Gestionnaires" rolename="admin" description="" isinherited="0"/>
  <st_userrole id="8" instanceid="7" name="Gestionnaire" rolename="admin" description="" isinherited="0"/>
  <st_userrole id="9" instanceid="7" name="Participant" rolename="user" description="" isinherited="0"/>
  <st_userrole id="10" instanceid="8" name="Gestionnaires" rolename="admin" description="" isinherited="0"/>
  <st_userrole id="11" instanceid="9" name="Gestionnaires" rolename="admin" description="" isinherited="0"/>
  <st_userrole id="12" instanceid="9" name="Publieurs" rolename="publisher" description="" isinherited="0"/>
  <st_userrole id="13" instanceid="1" name="Publieurs" rolename="publisher" description="" isinherited="0"/>
  <st_userrole id="14" instanceid="9" name="Lecteurs" rolename="user" description="" isinherited="0"/>
  <st_userrole id="15" instanceid="9" name="Rédacteurs" rolename="writer" description="" isinherited="0"/>
  <st_userrole id="16" instanceid="11" name="Gestionnaires" rolename="admin" description="" isinherited="0"/>
  <st_userrole id="17" instanceid="11" name="Publieurs" rolename="publisher" description="" isinherited="0"/>
  <st_userrole id="18" instanceid="11" name="Rédacteurs" rolename="writer" description="" isinherited="0"/>
  <st_userrole id="19" instanceid="9" name="" rolename="writer" description="" isinherited="0" objectid="3" objecttype="D"/>
  <st_userrole id="20" instanceid="9" name="" rolename="user" description="" isinherited="0" objectid="3" objecttype="D"/>
  <st_userrole id="21" instanceid="9" name="" rolename="user" description="" isinherited="0" objectid="7" objecttype="D"/>
  <st_userrole id="22" instanceid="9" name="" rolename="writer" description="" isinherited="0" objectid="6" objecttype="D"/>
  <st_userrole id="23" instanceid="9" name="" rolename="writer" description="" isinherited="0" objectid="7" objecttype="D"/>
  <st_userrole id="24" instanceid="10" name="Bloggeur" rolename="admin" description="" isinherited="0"/>
  <st_userrole id="25" instanceid="12" name="Animateur" rolename="admin" description="" isinherited="0"/>
  <st_userrole id="26" instanceid="12" name="Demandeur" rolename="publisher" description="" isinherited="0"/>
  <st_userrole id="27" instanceid="13" name="Gestionnaire" rolename="admin" description="" isinherited="0"/>
  <st_userrole id="28" instanceid="13" name="Annonceur" rolename="publisher" description="" isinherited="0"/>
  <st_userrole id="29" instanceid="19" name="Gestionnaire" rolename="admin" description="" isinherited="0"/>
  <st_userrole id="30" instanceid="18" name="Superviseurs" rolename="supervisor" description="" isinherited="0"/>
  <st_userrole id="31" instanceid="18" name="Responsables Administratif" rolename="Administratif" description="" isinherited="0"/>
  <st_userrole id="32" instanceid="18" name="Responsables" rolename="Responsable" description="" isinherited="0"/>
  <st_userrole id="33" instanceid="18" name="Collaborateurs" rolename="Employe" description="" isinherited="0"/>
  <st_userrole id="34" instanceid="6" name="" rolename="writer" description="" isinherited="0" objectid="4" objecttype="D"/>
  <st_userrole id="35" instanceid="6" name="" rolename="user" description="" isinherited="0" objectid="4" objecttype="D"/>
  <st_userrole id="36" instanceid="10" name="" rolename="admin" description="" isinherited="1"/>
  <st_userrole id="37" instanceid="11" name="" rolename="admin" description="" isinherited="1"/>
  <st_userrole id="38" instanceid="24" name="Gestionnaire" rolename="admin" description="" isinherited="0"/>
  <st_userrole id="39" instanceid="26" name="Gestionnaire" rolename="admin" description="" isinherited="0"/>
  <st_userrole id="40" instanceid="27" name="Animateur" rolename="admin" description="" isinherited="0"/>
  <st_userrole id="41" instanceid="27" name="Lecteur" rolename="user" description="" isinherited="0"/>
  <st_userrole id="42" instanceid="27" name="Demandeur" rolename="publisher" description="" isinherited="0"/>
  <st_userrole id="43" instanceid="28" name="Gestionnaire" rolename="admin" description="" isinherited="0"/>
  <st_userrole id="44" instanceid="28" name="Participants" rolename="user" description="" isinherited="0"/>
  <st_userrole_user_rel userroleid="1" userid="0"/>
  <st_userrole_user_rel userroleid="4" userid="0"/>
  <st_userrole_user_rel userroleid="5" userid="0"/>
  <st_userrole_user_rel userroleid="6" userid="1"/>
  <st_userrole_user_rel userroleid="7" userid="0"/>
  <st_userrole_user_rel userroleid="7" userid="1"/>
  <st_userrole_user_rel userroleid="8" userid="0"/>
  <st_userrole_user_rel userroleid="9" userid="1"/>
  <st_userrole_user_rel userroleid="10" userid="0"/>
  <st_userrole_user_rel userroleid="11" userid="0"/>
  <st_userrole_user_rel userroleid="12" userid="3"/>
  <st_userrole_user_rel userroleid="13" userid="1"/>
  <st_userrole_user_rel userroleid="13" userid="2"/>
  <st_userrole_user_rel userroleid="14" userid="1"/>
  <st_userrole_user_rel userroleid="15" userid="2"/>
  <st_userrole_user_rel userroleid="16" userid="0"/>
  <st_userrole_user_rel userroleid="17" userid="1"/>
  <st_userrole_user_rel userroleid="18" userid="2"/>
  <st_userrole_user_rel userroleid="19" userid="0"/>
  <st_userrole_user_rel userroleid="20" userid="2"/>
  <st_userrole_user_rel userroleid="21" userid="1"/>
  <st_userrole_user_rel userroleid="21" userid="2"/>
  <st_userrole_user_rel userroleid="21" userid="3"/>
  <st_userrole_user_rel userroleid="22" userid="0"/>
  <st_userrole_user_rel userroleid="23" userid="3"/>
  <st_userrole_user_rel userroleid="24" userid="0"/>
  <st_userrole_user_rel userroleid="25" userid="0"/>
  <st_userrole_user_rel userroleid="26" userid="1"/>
  <st_userrole_user_rel userroleid="27" userid="0"/>
  <st_userrole_user_rel userroleid="28" userid="1"/>
  <st_userrole_user_rel userroleid="28" userid="2"/>
  <st_userrole_user_rel userroleid="29" userid="0"/>
  <st_userrole_user_rel userroleid="30" userid="0"/>
  <st_userrole_user_rel userroleid="31" userid="3"/>
  <st_userrole_user_rel userroleid="32" userid="2"/>
  <st_userrole_user_rel userroleid="33" userid="0"/>
  <st_userrole_user_rel userroleid="33" userid="1"/>
  <st_userrole_user_rel userroleid="33" userid="2"/>
  <st_userrole_user_rel userroleid="33" userid="3"/>
  <st_userrole_user_rel userroleid="34" userid="1"/>
  <st_userrole_user_rel userroleid="35" userid="1"/>
  <st_userrole_user_rel userroleid="36" userid="0"/>
  <st_userrole_user_rel userroleid="37" userid="0"/>
  <st_userrole_user_rel userroleid="38" userid="0"/>
  <st_userrole_user_rel userroleid="39" userid="0"/>
  <st_userrole_user_rel userroleid="40" userid="0"/>
  <st_userrole_user_rel userroleid="40" userid="3"/>
  <st_userrole_user_rel userroleid="41" userid="1"/>
  <st_userrole_user_rel userroleid="42" userid="2"/>
  <st_userrole_user_rel userroleid="43" userid="0"/>
  <st_userrole_user_rel userroleid="44" userid="1"/>
  <st_userrole_user_rel userroleid="44" userid="2"/>
  <st_userrole_user_rel userroleid="44" userid="3"/>
  <st_notifdefaultaddress />
</dataset>
